<?xml version="1.0" encoding="UTF-8"?>
<testsuite xmlns:xsi="http://www.w3.org/2001/XMLSchema-instance" xsi:noNamespaceSchemaLocation="https://maven.apache.org/surefire/maven-surefire-plugin/xsd/surefire-test-report-3.0.xsd" version="3.0" name="TestSuite" time="264.501" tests="57" errors="0" skipped="0" failures="1">
  <properties>
[...]
</properties>
  <testcase name="runScenario[&quot;Navigate to the login page from the main page&quot;, &quot;User Login on Wikipedia&quot;](1)" classname="org.wikipedia.runner.TestNGRunner" time="7.405">
    <system-out><![CDATA[>>> Browser from testng.xml = edge
>>> Browser from testng.xml = firefox
>>> Browser from testng.xml = chrome

@Login @Navigation @Login
Scenario: Navigate to the login page from the main page # file:///G:/ECLIPSE_PLAYGROUND/ParallelAutomation/src/test/resources/features/F1_LoginTest.feature:12

@Login @Navigation @Login
Scenario: Navigate to the login page from the main page # file:///G:/ECLIPSE_PLAYGROUND/ParallelAutomation/src/test/resources/features/F1_LoginTest.feature:12

@Login @Navigation @Login
Scenario: Navigate to the login page from the main page # file:///G:/ECLIPSE_PLAYGROUND/ParallelAutomation/src/test/resources/features/F1_LoginTest.feature:12
Return BrowserName from Runner:edge
Return BrowserName from Runner:firefox
Return BrowserName from Runner:chrome
BrowserName from DriverUtil is edge
BrowserName from DriverUtil is chrome
BrowserName from DriverUtil is firefox
  ✔ Given I am on the Wikipedia main page               # org.wikipedia.stepdefs.F1_StepDef.i_am_on_the_wikipedia_main_page()
  ✔ Given I am on the Wikipedia main page               # org.wikipedia.stepdefs.F1_StepDef.i_am_on_the_wikipedia_main_page()
  ✔ When I click the Login link in the header           # org.wikipedia.stepdefs.F1_StepDef.i_click_the_login_link_in_the_header()
  ✔ Then I should be on the Wikipedia Login page        # org.wikipedia.stepdefs.F1_StepDef.i_should_be_on_the_wikipedia_login_page()
  ✔ And I should see the Username field                 # org.wikipedia.stepdefs.F1_StepDef.i_should_see_the_username_field()
  ✔ And I should see the Password field                 # org.wikipedia.stepdefs.F1_StepDef.i_should_see_the_password_field()
  ✔ And I should see the Login button                   # org.wikipedia.stepdefs.F1_StepDef.i_should_see_the_login_button()
]]></system-out>
    <system-err><![CDATA[SLF4J(W): No SLF4J providers were found.
SLF4J(W): Defaulting to no-operation (NOP) logger implementation
SLF4J(W): See https://www.slf4j.org/codes.html#noProviders for further details.
Sept 12, 2025 12:58:53 PM org.openqa.selenium.remote.tracing.opentelemetry.OpenTelemetryTracer createTracer
INFO: Using OpenTelemetry for tracing
]]></system-err>
  </testcase>
  <testcase name="runScenario[&quot;Navigate to the login page from the main page&quot;, &quot;User Login on Wikipedia&quot;](1)" classname="org.wikipedia.runner.TestNGRunner" time="1.489">
    <system-out><![CDATA[
@Login @ValidLogin @Login
Scenario: Successful login with valid credentials # file:///G:/ECLIPSE_PLAYGROUND/ParallelAutomation/src/test/resources/features/F1_LoginTest.feature:22
Return BrowserName from Runner:chrome
BrowserName from DriverUtil is chrome
  ✔ When I click the Login link in the header           # org.wikipedia.stepdefs.F1_StepDef.i_click_the_login_link_in_the_header()
  ✔ Then I should be on the Wikipedia Login page        # org.wikipedia.stepdefs.F1_StepDef.i_should_be_on_the_wikipedia_login_page()
  ✔ And I should see the Username field                 # org.wikipedia.stepdefs.F1_StepDef.i_should_see_the_username_field()
  ✔ And I should see the Password field                 # org.wikipedia.stepdefs.F1_StepDef.i_should_see_the_password_field()
  ✔ And I should see the Login button                   # org.wikipedia.stepdefs.F1_StepDef.i_should_see_the_login_button()
]]></system-out>
  </testcase>
  <testcase name="runScenario[&quot;Navigate to the login page from the main page&quot;, &quot;User Login on Wikipedia&quot;](1)" classname="org.wikipedia.runner.TestNGRunner" time="2.28">
    <system-out><![CDATA[
@Login @Checkbox @Login
Scenario: "Keep me logged in" checkbox functionality             # file:///G:/ECLIPSE_PLAYGROUND/ParallelAutomation/src/test/resources/features/F1_LoginTest.feature:31
Return BrowserName from Runner:edge
BrowserName from DriverUtil is edge
]]></system-out>
  </testcase>
  <testcase name="runScenario[&quot;Successful login with valid credentials&quot;, &quot;User Login on Wikipedia&quot;](2)" classname="org.wikipedia.runner.TestNGRunner" time="9.648">
    <system-out><![CDATA[
@Login @ValidLogin @Login
Scenario: Successful login with valid credentials # file:///G:/ECLIPSE_PLAYGROUND/ParallelAutomation/src/test/resources/features/F1_LoginTest.feature:22
Return BrowserName from Runner:edge
BrowserName from DriverUtil is edge
  ✔ Given I am on the Wikipedia Login page        # org.wikipedia.stepdefs.F1_StepDef.i_am_on_the_wikipedia_login_page()
  ✔ When I enter the valid username               # org.wikipedia.stepdefs.F1_StepDef.i_enter_the_valid_username()
  ✔ And I enter the valid password                # org.wikipedia.stepdefs.F1_StepDef.i_enter_the_valid_password()
  ✔ Given I am on the Wikipedia Login page        # org.wikipedia.stepdefs.F1_StepDef.i_am_on_the_wikipedia_login_page()
  ✔ When I enter the valid username               # org.wikipedia.stepdefs.F1_StepDef.i_enter_the_valid_username()
  ✔ And I enter the valid password                # org.wikipedia.stepdefs.F1_StepDef.i_enter_the_valid_password()
  ✔ And I click the Login button                  # org.wikipedia.stepdefs.F1_StepDef.i_click_the_login_button()
  ✔ And I click the Login button                  # org.wikipedia.stepdefs.F1_StepDef.i_click_the_login_button()
  ✔ Given I am on the Wikipedia main page               # org.wikipedia.stepdefs.F1_StepDef.i_am_on_the_wikipedia_main_page()
  ✔ When I click the Login link in the header           # org.wikipedia.stepdefs.F1_StepDef.i_click_the_login_link_in_the_header()
  ✔ Then I should be on the Wikipedia Login page        # org.wikipedia.stepdefs.F1_StepDef.i_should_be_on_the_wikipedia_login_page()
  ✔ And I should see the Username field                 # org.wikipedia.stepdefs.F1_StepDef.i_should_see_the_username_field()
  ✔ And I should see the Password field                 # org.wikipedia.stepdefs.F1_StepDef.i_should_see_the_password_field()
  ✔ And I should see the Login button                   # org.wikipedia.stepdefs.F1_StepDef.i_should_see_the_login_button()
  ✔ Then I should be logged in successfully       # org.wikipedia.stepdefs.F1_StepDef.i_should_be_logged_in_successfully()
]]></system-out>
  </testcase>
  <testcase name="runScenario[&quot;Successful login with valid credentials&quot;, &quot;User Login on Wikipedia&quot;](2)" classname="org.wikipedia.runner.TestNGRunner" time="4.336">
    <system-out><![CDATA[
@Login @InvalidLogin @Login
Scenario Outline: Unsuccessful login attempts with invalid credentials                             # file:///G:/ECLIPSE_PLAYGROUND/ParallelAutomation/src/test/resources/features/F1_LoginTest.feature:50
Return BrowserName from Runner:edge
BrowserName from DriverUtil is edge
  ✔ Given I am on the Wikipedia Login page                                                         # org.wikipedia.stepdefs.F1_StepDef.i_am_on_the_wikipedia_login_page()
  ✔ When I enter "SeleniumT3stUser" in the Username field                                          # org.wikipedia.stepdefs.F1_StepDef.i_enter_in_the_username_field(java.lang.String)
  ✔ Then I should be logged in successfully       # org.wikipedia.stepdefs.F1_StepDef.i_should_be_logged_in_successfully()
  ✔ And I enter "Inc0rrectPass" in the Password field                                              # org.wikipedia.stepdefs.F1_StepDef.i_enter_in_the_password_field(java.lang.String)
]]></system-out>
  </testcase>
  <testcase name="runScenario[&quot;Successful login with valid credentials&quot;, &quot;User Login on Wikipedia&quot;](2)" classname="org.wikipedia.runner.TestNGRunner" time="2.783">
    <system-out><![CDATA[
@Login @Validation @Login
Scenario Outline: Unsuccessful login attempts with empty fields for HTML5 validation erros # file:///G:/ECLIPSE_PLAYGROUND/ParallelAutomation/src/test/resources/features/F1_LoginTest.feature:66
Return BrowserName from Runner:edge
BrowserName from DriverUtil is edge
  ✔ Given I am on the Wikipedia Login page                                                         # org.wikipedia.stepdefs.F1_StepDef.i_am_on_the_wikipedia_login_page()
  ✔ When I enter "N0nExistentUser123" in the Username field                                        # org.wikipedia.stepdefs.F1_StepDef.i_enter_in_the_username_field(java.lang.String)
  ✔ And I enter "AnyP4ssw0rd" in the Password field                                                # org.wikipedia.stepdefs.F1_StepDef.i_enter_in_the_password_field(java.lang.String)
  ✔ And I click the Login button                                                                   # org.wikipedia.stepdefs.F1_StepDef.i_click_the_login_button()
  ✔ Then I should see an error message "Incorrect username or password entered. Please try again." # org.wikipedia.stepdefs.F1_StepDef.i_should_see_an_error_message(java.lang.String)
  ✔ And I should still be on the Wikipedia Login page                                              # org.wikipedia.stepdefs.F1_StepDef.i_should_still_be_on_the_wikipedia_login_page()
]]></system-out>
  </testcase>
  <testcase name="runScenario[&quot;&quot;Keep me logged in&quot; checkbox functionality&quot;, &quot;User Login on Wikipedia&quot;](3)" classname="org.wikipedia.runner.TestNGRunner" time="1.984">
    <system-out><![CDATA[
@Login @ValidLogin @Login
Scenario: Successful login with valid credentials # file:///G:/ECLIPSE_PLAYGROUND/ParallelAutomation/src/test/resources/features/F1_LoginTest.feature:22
Return BrowserName from Runner:firefox
BrowserName from DriverUtil is firefox
  ✔ Given I am on the Wikipedia Login page                       # org.wikipedia.stepdefs.F1_StepDef.i_am_on_the_wikipedia_login_page()
  ✔ When I check the "Keep me logged in" checkbox                # org.wikipedia.stepdefs.F1_StepDef.i_check_the_checkbox(java.lang.String)
  ✔ Then the "Keep me logged in" checkbox should be selected     # org.wikipedia.stepdefs.F1_StepDef.the_checkbox_should_be_selected(java.lang.String)
  ✔ And When I uncheck the "Keep me logged in" checkbox          # org.wikipedia.stepdefs.F1_StepDef.when_i_uncheck_the_checkbox(java.lang.String)
  ✔ Then the "Keep me logged in" checkbox should not be selected # org.wikipedia.stepdefs.F1_StepDef.the_checkbox_should_not_be_selected(java.lang.String)
]]></system-out>
  </testcase>
  <testcase name="runScenario[&quot;&quot;Keep me logged in&quot; checkbox functionality&quot;, &quot;User Login on Wikipedia&quot;](3)" classname="org.wikipedia.runner.TestNGRunner" time="3.597">
    <system-out><![CDATA[
@Login @InvalidLogin @Login
Scenario Outline: Unsuccessful login attempts with invalid credentials                             # file:///G:/ECLIPSE_PLAYGROUND/ParallelAutomation/src/test/resources/features/F1_LoginTest.feature:51
Return BrowserName from Runner:edge
BrowserName from DriverUtil is edge
  ✔ Given I am on the Wikipedia Login page                       # org.wikipedia.stepdefs.F1_StepDef.i_am_on_the_wikipedia_login_page()
  ✔ When I check the "Keep me logged in" checkbox                # org.wikipedia.stepdefs.F1_StepDef.i_check_the_checkbox(java.lang.String)
  ✔ Then the "Keep me logged in" checkbox should be selected     # org.wikipedia.stepdefs.F1_StepDef.the_checkbox_should_be_selected(java.lang.String)
  ✔ And When I uncheck the "Keep me logged in" checkbox          # org.wikipedia.stepdefs.F1_StepDef.when_i_uncheck_the_checkbox(java.lang.String)
  ✔ Then the "Keep me logged in" checkbox should not be selected # org.wikipedia.stepdefs.F1_StepDef.the_checkbox_should_not_be_selected(java.lang.String)
  ✔ Given I am on the Wikipedia Login page                                                         # org.wikipedia.stepdefs.F1_StepDef.i_am_on_the_wikipedia_login_page()
  ✔ When I enter "N0nExistentUser123" in the Username field                                        # org.wikipedia.stepdefs.F1_StepDef.i_enter_in_the_username_field(java.lang.String)
]]></system-out>
  </testcase>
  <testcase name="runScenario[&quot;&quot;Keep me logged in&quot; checkbox functionality&quot;, &quot;User Login on Wikipedia&quot;](3)" classname="org.wikipedia.runner.TestNGRunner" time="1.01">
    <system-out><![CDATA[
@homepage @smoke @languages
Scenario Outline: Verify language links on the Wikipedia home page # file:///G:/ECLIPSE_PLAYGROUND/ParallelAutomation/src/test/resources/features/F2_HomePageFunctionality.feature:22
Return BrowserName from Runner:chrome
BrowserName from DriverUtil is chrome
]]></system-out>
  </testcase>
  <testcase name="runScenario[&quot;Unsuccessful login attempts with invalid credentials&quot;, &quot;User Login on Wikipedia&quot;](4)" classname="org.wikipedia.runner.TestNGRunner" time="0.875">
    <system-out><![CDATA[
@Login @Checkbox @Login
Scenario: "Keep me logged in" checkbox functionality             # file:///G:/ECLIPSE_PLAYGROUND/ParallelAutomation/src/test/resources/features/F1_LoginTest.feature:31
Return BrowserName from Runner:chrome
BrowserName from DriverUtil is chrome
  ✔ And I click the Login button                                                                   # org.wikipedia.stepdefs.F1_StepDef.i_click_the_login_button()
  ✔ Then I should see an error message "Incorrect username or password entered. Please try again." # org.wikipedia.stepdefs.F1_StepDef.i_should_see_an_error_message(java.lang.String)
  ✔ And I should still be on the Wikipedia Login page                                              # org.wikipedia.stepdefs.F1_StepDef.i_should_still_be_on_the_wikipedia_login_page()
]]></system-out>
  </testcase>
  <testcase name="runScenario[&quot;Unsuccessful login attempts with invalid credentials&quot;, &quot;User Login on Wikipedia&quot;](4)" classname="org.wikipedia.runner.TestNGRunner" time="3.709">
    <system-out><![CDATA[
@Login @Validation @Login
Scenario Outline: Unsuccessful login attempts with empty fields for HTML5 validation erros # file:///G:/ECLIPSE_PLAYGROUND/ParallelAutomation/src/test/resources/features/F1_LoginTest.feature:65
Return BrowserName from Runner:edge
BrowserName from DriverUtil is edge
  ✔ Given I am on the Wikipedia Login page                                                         # org.wikipedia.stepdefs.F1_StepDef.i_am_on_the_wikipedia_login_page()
  ✔ When I enter "SeleniumT3stUser" in the Username field                                          # org.wikipedia.stepdefs.F1_StepDef.i_enter_in_the_username_field(java.lang.String)
  ✔ And I enter "Inc0rrectPass" in the Password field                                              # org.wikipedia.stepdefs.F1_StepDef.i_enter_in_the_password_field(java.lang.String)
  ✔ And I click the Login button                  # org.wikipedia.stepdefs.F1_StepDef.i_click_the_login_button()
  ✔ And I click the Login button                                                                   # org.wikipedia.stepdefs.F1_StepDef.i_click_the_login_button()
  ✔ Then I should see an error message "Incorrect username or password entered. Please try again." # org.wikipedia.stepdefs.F1_StepDef.i_should_see_an_error_message(java.lang.String)
  ✔ Given I am on the Wikipedia Login page                                                 # org.wikipedia.stepdefs.F1_StepDef.i_am_on_the_wikipedia_login_page()
  ✔ And I should still be on the Wikipedia Login page                                              # org.wikipedia.stepdefs.F1_StepDef.i_should_still_be_on_the_wikipedia_login_page()
  ✔ When I leave the "Username" field empty                                                # org.wikipedia.stepdefs.F1_StepDef.i_leave_the_field_empty(java.lang.String)
  ✔ And I enter "AnyPassword" in the "Password" field                                      # org.wikipedia.stepdefs.F1_StepDef.i_enter_in_the_field(java.lang.String,java.lang.String)
]]></system-out>
  </testcase>
  <testcase name="runScenario[&quot;Unsuccessful login attempts with invalid credentials&quot;, &quot;User Login on Wikipedia&quot;](4)" classname="org.wikipedia.runner.TestNGRunner" time="0.014">
    <system-out><![CDATA[
@homepage @smoke @languages
Scenario Outline: Verify language links on the Wikipedia home page # file:///G:/ECLIPSE_PLAYGROUND/ParallelAutomation/src/test/resources/features/F2_HomePageFunctionality.feature:26
Return BrowserName from Runner:chrome
BrowserName from DriverUtil is chrome
]]></system-out>
  </testcase>
  <testcase name="runScenario[&quot;Unsuccessful login attempts with invalid credentials&quot;, &quot;User Login on Wikipedia&quot;](5)" classname="org.wikipedia.runner.TestNGRunner" time="1.824">
    <system-out><![CDATA[
@Login @InvalidLogin @Login
Scenario Outline: Unsuccessful login attempts with invalid credentials                             # file:///G:/ECLIPSE_PLAYGROUND/ParallelAutomation/src/test/resources/features/F1_LoginTest.feature:50
Return BrowserName from Runner:chrome
BrowserName from DriverUtil is chrome
  ✔ And I enter "AnyP4ssw0rd" in the Password field                                                # org.wikipedia.stepdefs.F1_StepDef.i_enter_in_the_password_field(java.lang.String)
  ✔ And I click the Login button                                                                   # org.wikipedia.stepdefs.F1_StepDef.i_click_the_login_button()
  ✔ Given I am on the Wikipedia Login page        # org.wikipedia.stepdefs.F1_StepDef.i_am_on_the_wikipedia_login_page()
  ✔ Then I should see an error message "Incorrect username or password entered. Please try again." # org.wikipedia.stepdefs.F1_StepDef.i_should_see_an_error_message(java.lang.String)
  ✔ When I enter the valid username               # org.wikipedia.stepdefs.F1_StepDef.i_enter_the_valid_username()
  ✔ And I should still be on the Wikipedia Login page                                              # org.wikipedia.stepdefs.F1_StepDef.i_should_still_be_on_the_wikipedia_login_page()
  ✔ And I enter the valid password                # org.wikipedia.stepdefs.F1_StepDef.i_enter_the_valid_password()
]]></system-out>
  </testcase>
  <testcase name="runScenario[&quot;Unsuccessful login attempts with invalid credentials&quot;, &quot;User Login on Wikipedia&quot;](5)" classname="org.wikipedia.runner.TestNGRunner" time="0.129">
    <system-out><![CDATA[
@Login @Checkbox @Login
Scenario: "Keep me logged in" checkbox functionality             # file:///G:/ECLIPSE_PLAYGROUND/ParallelAutomation/src/test/resources/features/F1_LoginTest.feature:31
Return BrowserName from Runner:firefox
BrowserName from DriverUtil is firefox
]]></system-out>
  </testcase>
  <testcase name="runScenario[&quot;Unsuccessful login attempts with invalid credentials&quot;, &quot;User Login on Wikipedia&quot;](5)" classname="org.wikipedia.runner.TestNGRunner" time="2.934">
    <system-out><![CDATA[
@homepage @smoke @languages
Scenario Outline: Verify language links on the Wikipedia home page # file:///G:/ECLIPSE_PLAYGROUND/ParallelAutomation/src/test/resources/features/F2_HomePageFunctionality.feature:29
Return BrowserName from Runner:edge
BrowserName from DriverUtil is edge
  ✔ Given I am on the Wikipedia home page                          # org.wikipedia.stepdefs.F2_StepDef.i_am_on_the_wikipedia_home_page()
]]></system-out>
  </testcase>
  <testcase name="runScenario[&quot;Unsuccessful login attempts with empty fields for HTML5 validation erros&quot;, &quot;User Login on Wikipedia&quot;](6)" classname="org.wikipedia.runner.TestNGRunner" time="2.38">
    <system-out><![CDATA[
@Login @InvalidLogin @Login
Scenario Outline: Unsuccessful login attempts with invalid credentials                             # file:///G:/ECLIPSE_PLAYGROUND/ParallelAutomation/src/test/resources/features/F1_LoginTest.feature:51
Return BrowserName from Runner:chrome
BrowserName from DriverUtil is chrome
  ✔ And I click the Login button                                                           # org.wikipedia.stepdefs.F1_StepDef.i_click_the_login_button()
  ✔ Then I should see a browser validation message for the "Username" field                # org.wikipedia.stepdefs.F1_StepDef.i_should_see_a_browser_validation_message_for_the_field(java.lang.String)
  ✔ And I should still be on the Wikipedia Login page                                      # org.wikipedia.stepdefs.F1_StepDef.i_should_still_be_on_the_wikipedia_login_page()
  ✔ Then I should be logged in successfully       # org.wikipedia.stepdefs.F1_StepDef.i_should_be_logged_in_successfully()
]]></system-out>
  </testcase>
  <testcase name="runScenario[&quot;Unsuccessful login attempts with empty fields for HTML5 validation erros&quot;, &quot;User Login on Wikipedia&quot;](6)" classname="org.wikipedia.runner.TestNGRunner" time="2.412">
    <system-out><![CDATA[
@homepage @smoke @languages
Scenario Outline: Verify language links on the Wikipedia home page # file:///G:/ECLIPSE_PLAYGROUND/ParallelAutomation/src/test/resources/features/F2_HomePageFunctionality.feature:21
Return BrowserName from Runner:edge
BrowserName from DriverUtil is edge
  ✔ Given I am on the Wikipedia Login page                                                 # org.wikipedia.stepdefs.F1_StepDef.i_am_on_the_wikipedia_login_page()
  ✔ When I leave the "Username" field empty                                                # org.wikipedia.stepdefs.F1_StepDef.i_leave_the_field_empty(java.lang.String)
  ✔ And I enter "AnyPassword" in the "Password" field                                      # org.wikipedia.stepdefs.F1_StepDef.i_enter_in_the_field(java.lang.String,java.lang.String)
  ✔ And I click the Login button                                                           # org.wikipedia.stepdefs.F1_StepDef.i_click_the_login_button()
  ✔ Then I should see a browser validation message for the "Username" field                # org.wikipedia.stepdefs.F1_StepDef.i_should_see_a_browser_validation_message_for_the_field(java.lang.String)
  ✔ And I should still be on the Wikipedia Login page                                      # org.wikipedia.stepdefs.F1_StepDef.i_should_still_be_on_the_wikipedia_login_page()
]]></system-out>
  </testcase>
  <testcase name="runScenario[&quot;Unsuccessful login attempts with empty fields for HTML5 validation erros&quot;, &quot;User Login on Wikipedia&quot;](6)" classname="org.wikipedia.runner.TestNGRunner" time="0.711">
    <system-out><![CDATA[
@homepage @regression @dropdown @full
Scenario: Verify all available languages in the search dropdown # file:///G:/ECLIPSE_PLAYGROUND/ParallelAutomation/src/test/resources/features/F2_HomePageFunctionality.feature:40
Return BrowserName from Runner:edge
BrowserName from DriverUtil is edge
  ✔ Given I am on the Wikipedia home page                          # org.wikipedia.stepdefs.F2_StepDef.i_am_on_the_wikipedia_home_page()
  ✔ When I click on the "Read Wikipedia in your language" dropdown # org.wikipedia.stepdefs.F2_StepDef.i_click_on_the_dropdown(java.lang.String)
]]></system-out>
  </testcase>
  <testcase name="runScenario[&quot;Unsuccessful login attempts with empty fields for HTML5 validation erros&quot;, &quot;User Login on Wikipedia&quot;](7)" classname="org.wikipedia.runner.TestNGRunner" time="1.971">
    <system-out><![CDATA[
@Login @Validation @Login
Scenario Outline: Unsuccessful login attempts with empty fields for HTML5 validation erros # file:///G:/ECLIPSE_PLAYGROUND/ParallelAutomation/src/test/resources/features/F1_LoginTest.feature:65
Return BrowserName from Runner:chrome
BrowserName from DriverUtil is chrome
  ✔ Given I am on the Wikipedia Login page                                                 # org.wikipedia.stepdefs.F1_StepDef.i_am_on_the_wikipedia_login_page()
  ✔ When I leave the "Password" field empty                                                # org.wikipedia.stepdefs.F1_StepDef.i_leave_the_field_empty(java.lang.String)
  ✔ And I enter "SeleniumTestUser" in the "Username" field                                 # org.wikipedia.stepdefs.F1_StepDef.i_enter_in_the_field(java.lang.String,java.lang.String)
  ✔ And I click the Login button                                                           # org.wikipedia.stepdefs.F1_StepDef.i_click_the_login_button()
  ✔ Then I should see a browser validation message for the "Password" field                # org.wikipedia.stepdefs.F1_StepDef.i_should_see_a_browser_validation_message_for_the_field(java.lang.String)
  ✔ And I should still be on the Wikipedia Login page                                      # org.wikipedia.stepdefs.F1_StepDef.i_should_still_be_on_the_wikipedia_login_page()
]]></system-out>
  </testcase>
  <testcase name="runScenario[&quot;Unsuccessful login attempts with empty fields for HTML5 validation erros&quot;, &quot;User Login on Wikipedia&quot;](7)" classname="org.wikipedia.runner.TestNGRunner" time="0.498">
    <system-out><![CDATA[
@homepage @smoke @languages
Scenario Outline: Verify language links on the Wikipedia home page # file:///G:/ECLIPSE_PLAYGROUND/ParallelAutomation/src/test/resources/features/F2_HomePageFunctionality.feature:22
Return BrowserName from Runner:edge
BrowserName from DriverUtil is edge
]]></system-out>
  </testcase>
  <testcase name="runScenario[&quot;Unsuccessful login attempts with empty fields for HTML5 validation erros&quot;, &quot;User Login on Wikipedia&quot;](7)" classname="org.wikipedia.runner.TestNGRunner" time="12.178">
    <system-out><![CDATA[
@homepage @regression @dropdown @full
Scenario: Verify all available languages in the search dropdown # file:///G:/ECLIPSE_PLAYGROUND/ParallelAutomation/src/test/resources/features/F2_HomePageFunctionality.feature:40
Return BrowserName from Runner:chrome
BrowserName from DriverUtil is chrome
  ✔ Given I am on the Wikipedia home page                       # org.wikipedia.stepdefs.F2_StepDef.i_am_on_the_wikipedia_home_page()
  ✔ When I collect all the languages from the search dropdown   # org.wikipedia.stepdefs.F2_StepDef.i_collect_all_the_languages_from_the_search_dropdown()
  ✔ Given I am on the Wikipedia home page                       # org.wikipedia.stepdefs.F2_StepDef.i_am_on_the_wikipedia_home_page()
  ✔ When I collect all the languages from the search dropdown   # org.wikipedia.stepdefs.F2_StepDef.i_collect_all_the_languages_from_the_search_dropdown()
  ✔ Given I am on the Wikipedia Login page                                                 # org.wikipedia.stepdefs.F1_StepDef.i_am_on_the_wikipedia_login_page()
  ✔ When I leave the "Password" field empty                                                # org.wikipedia.stepdefs.F1_StepDef.i_leave_the_field_empty(java.lang.String)
  ✔ And I enter "SeleniumTestUser" in the "Username" field                                 # org.wikipedia.stepdefs.F1_StepDef.i_enter_in_the_field(java.lang.String,java.lang.String)
  ✔ And I click the Login button                                                           # org.wikipedia.stepdefs.F1_StepDef.i_click_the_login_button()
  ✔ Then I should see a browser validation message for the "Password" field                # org.wikipedia.stepdefs.F1_StepDef.i_should_see_a_browser_validation_message_for_the_field(java.lang.String)
  ✔ And I should still be on the Wikipedia Login page                                      # org.wikipedia.stepdefs.F1_StepDef.i_should_still_be_on_the_wikipedia_login_page()
]]></system-out>
  </testcase>
  <testcase name="runScenario[&quot;Verify language links on the Wikipedia home page&quot;, &quot;Wikipedia Home Page Languages and Dropdowns&quot;](8)" classname="org.wikipedia.runner.TestNGRunner" time="4.426">
    <system-out><![CDATA[
@Login @Validation @Login
Scenario Outline: Unsuccessful login attempts with empty fields for HTML5 validation erros # file:///G:/ECLIPSE_PLAYGROUND/ParallelAutomation/src/test/resources/features/F1_LoginTest.feature:66
Return BrowserName from Runner:chrome
BrowserName from DriverUtil is chrome
  ✔ Given I am on the Wikipedia home page                          # org.wikipedia.stepdefs.F2_StepDef.i_am_on_the_wikipedia_home_page()
  ✔ When I click on the "English" language link                    # org.wikipedia.stepdefs.F2_StepDef.i_click_on_the_language_link(java.lang.String)
  ✔ Then I should be navigated to the "en.wikipedia.org" page      # org.wikipedia.stepdefs.F2_StepDef.i_should_be_navigated_to_the_page(java.lang.String)
  ✔ Given I am on the Wikipedia Login page                                                 # org.wikipedia.stepdefs.F1_StepDef.i_am_on_the_wikipedia_login_page()
  ✔ When I leave the "Password" field empty                                                # org.wikipedia.stepdefs.F1_StepDef.i_leave_the_field_empty(java.lang.String)
  ✔ And I enter "SeleniumTestUser" in the "Username" field                                 # org.wikipedia.stepdefs.F1_StepDef.i_enter_in_the_field(java.lang.String,java.lang.String)
  ✔ And I click the Login button                                                           # org.wikipedia.stepdefs.F1_StepDef.i_click_the_login_button()
  ✔ Then I should see a browser validation message for the "Password" field                # org.wikipedia.stepdefs.F1_StepDef.i_should_see_a_browser_validation_message_for_the_field(java.lang.String)
  ✔ And I should still be on the Wikipedia Login page                                      # org.wikipedia.stepdefs.F1_StepDef.i_should_still_be_on_the_wikipedia_login_page()
]]></system-out>
  </testcase>
  <testcase name="runScenario[&quot;Verify language links on the Wikipedia home page&quot;, &quot;Wikipedia Home Page Languages and Dropdowns&quot;](8)" classname="org.wikipedia.runner.TestNGRunner" time="0.026">
    <system-out><![CDATA[
@homepage @smoke @languages
Scenario Outline: Verify language links on the Wikipedia home page # file:///G:/ECLIPSE_PLAYGROUND/ParallelAutomation/src/test/resources/features/F2_HomePageFunctionality.feature:23
Return BrowserName from Runner:edge
BrowserName from DriverUtil is edge
]]></system-out>
  </testcase>
  <testcase name="runScenario[&quot;Verify language links on the Wikipedia home page&quot;, &quot;Wikipedia Home Page Languages and Dropdowns&quot;](8)" classname="org.wikipedia.runner.TestNGRunner" time="13.219">
    <system-out><![CDATA[  ✔ Given I am on the Wikipedia home page                          # org.wikipedia.stepdefs.F2_StepDef.i_am_on_the_wikipedia_home_page()
  ✔ When I click on the "English" language link                    # org.wikipedia.stepdefs.F2_StepDef.i_click_on_the_language_link(java.lang.String)
  ✔ Then I should be navigated to the "en.wikipedia.org" page      # org.wikipedia.stepdefs.F2_StepDef.i_should_be_navigated_to_the_page(java.lang.String)
]]></system-out>
  </testcase>
  <testcase name="runScenario[&quot;Verify language links on the Wikipedia home page&quot;, &quot;Wikipedia Home Page Languages and Dropdowns&quot;](9)" classname="org.wikipedia.runner.TestNGRunner" time="4.675">
    <system-out><![CDATA[
@homepage @smoke @languages
Scenario Outline: Verify language links on the Wikipedia home page # file:///G:/ECLIPSE_PLAYGROUND/ParallelAutomation/src/test/resources/features/F2_HomePageFunctionality.feature:21
Return BrowserName from Runner:chrome
BrowserName from DriverUtil is chrome
  ✔ Given I am on the Wikipedia Login page                       # org.wikipedia.stepdefs.F1_StepDef.i_am_on_the_wikipedia_login_page()
  ✔ When I check the "Keep me logged in" checkbox                # org.wikipedia.stepdefs.F1_StepDef.i_check_the_checkbox(java.lang.String)
  ✔ Then the "Keep me logged in" checkbox should be selected     # org.wikipedia.stepdefs.F1_StepDef.the_checkbox_should_be_selected(java.lang.String)
  ✔ And When I uncheck the "Keep me logged in" checkbox          # org.wikipedia.stepdefs.F1_StepDef.when_i_uncheck_the_checkbox(java.lang.String)
  ✔ Then the "Keep me logged in" checkbox should not be selected # org.wikipedia.stepdefs.F1_StepDef.the_checkbox_should_not_be_selected(java.lang.String)
  ✔ Given I am on the Wikipedia home page                          # org.wikipedia.stepdefs.F2_StepDef.i_am_on_the_wikipedia_home_page()
  ✔ Given I am on the Wikipedia home page                          # org.wikipedia.stepdefs.F2_StepDef.i_am_on_the_wikipedia_home_page()
  ✔ When I click on the "Русский" language link                    # org.wikipedia.stepdefs.F2_StepDef.i_click_on_the_language_link(java.lang.String)
  ✔ Then I should be navigated to the "ru.wikipedia.org" page      # org.wikipedia.stepdefs.F2_StepDef.i_should_be_navigated_to_the_page(java.lang.String)
  ✔ When I click on the "English" language link                    # org.wikipedia.stepdefs.F2_StepDef.i_click_on_the_language_link(java.lang.String)
  ✔ Then I should be navigated to the "en.wikipedia.org" page      # org.wikipedia.stepdefs.F2_StepDef.i_should_be_navigated_to_the_page(java.lang.String)
]]></system-out>
  </testcase>
  <testcase name="runScenario[&quot;Verify language links on the Wikipedia home page&quot;, &quot;Wikipedia Home Page Languages and Dropdowns&quot;](9)" classname="org.wikipedia.runner.TestNGRunner" time="3.551">
    <system-out><![CDATA[
@Login @InvalidLogin @Login
Scenario Outline: Unsuccessful login attempts with invalid credentials                             # file:///G:/ECLIPSE_PLAYGROUND/ParallelAutomation/src/test/resources/features/F1_LoginTest.feature:50
Return BrowserName from Runner:firefox
BrowserName from DriverUtil is firefox
  ✔ Given I am on the Wikipedia home page                          # org.wikipedia.stepdefs.F2_StepDef.i_am_on_the_wikipedia_home_page()
  ✔ Given I am on the Wikipedia home page                          # org.wikipedia.stepdefs.F2_StepDef.i_am_on_the_wikipedia_home_page()
  ✔ When I click on the "Русский" language link                    # org.wikipedia.stepdefs.F2_StepDef.i_click_on_the_language_link(java.lang.String)
  ✔ Then I should be navigated to the "ru.wikipedia.org" page      # org.wikipedia.stepdefs.F2_StepDef.i_should_be_navigated_to_the_page(java.lang.String)
]]></system-out>
  </testcase>
  <testcase name="runScenario[&quot;Verify language links on the Wikipedia home page&quot;, &quot;Wikipedia Home Page Languages and Dropdowns&quot;](9)" classname="org.wikipedia.runner.TestNGRunner" time="11.42">
    <system-out><![CDATA[
@homepage @smoke @languages
Scenario Outline: Verify language links on the Wikipedia home page # file:///G:/ECLIPSE_PLAYGROUND/ParallelAutomation/src/test/resources/features/F2_HomePageFunctionality.feature:22
Return BrowserName from Runner:firefox
BrowserName from DriverUtil is firefox
  ✔ Given I am on the Wikipedia home page                          # org.wikipedia.stepdefs.F2_StepDef.i_am_on_the_wikipedia_home_page()
  ✔ When I click on the "Русский" language link                    # org.wikipedia.stepdefs.F2_StepDef.i_click_on_the_language_link(java.lang.String)
  ✔ Then I should be navigated to the "ru.wikipedia.org" page      # org.wikipedia.stepdefs.F2_StepDef.i_should_be_navigated_to_the_page(java.lang.String)
]]></system-out>
  </testcase>
  <testcase name="runScenario[&quot;Verify language links on the Wikipedia home page&quot;, &quot;Wikipedia Home Page Languages and Dropdowns&quot;](10)" classname="org.wikipedia.runner.TestNGRunner" time="0.496">
    <system-out><![CDATA[
@homepage @smoke @languages
Scenario Outline: Verify language links on the Wikipedia home page # file:///G:/ECLIPSE_PLAYGROUND/ParallelAutomation/src/test/resources/features/F2_HomePageFunctionality.feature:23
Return BrowserName from Runner:chrome
BrowserName from DriverUtil is chrome
  ✔ When I click on the "Français" language link                   # org.wikipedia.stepdefs.F2_StepDef.i_click_on_the_language_link(java.lang.String)
  ✔ Then I should be navigated to the "fr.wikipedia.org" page      # org.wikipedia.stepdefs.F2_StepDef.i_should_be_navigated_to_the_page(java.lang.String)
]]></system-out>
  </testcase>
  <testcase name="runScenario[&quot;Verify language links on the Wikipedia home page&quot;, &quot;Wikipedia Home Page Languages and Dropdowns&quot;](10)" classname="org.wikipedia.runner.TestNGRunner" time="4.636">
    <system-out><![CDATA[
@homepage @smoke @languages
Scenario Outline: Verify language links on the Wikipedia home page # file:///G:/ECLIPSE_PLAYGROUND/ParallelAutomation/src/test/resources/features/F2_HomePageFunctionality.feature:24
Return BrowserName from Runner:edge
BrowserName from DriverUtil is edge
  ✔ Given I am on the Wikipedia home page                          # org.wikipedia.stepdefs.F2_StepDef.i_am_on_the_wikipedia_home_page()
  ✔ Given I am on the Wikipedia home page                          # org.wikipedia.stepdefs.F2_StepDef.i_am_on_the_wikipedia_home_page()
  ✔ When I click on the "Français" language link                   # org.wikipedia.stepdefs.F2_StepDef.i_click_on_the_language_link(java.lang.String)
  ✔ Then I should be navigated to the "fr.wikipedia.org" page      # org.wikipedia.stepdefs.F2_StepDef.i_should_be_navigated_to_the_page(java.lang.String)
]]></system-out>
  </testcase>
  <testcase name="runScenario[&quot;Verify language links on the Wikipedia home page&quot;, &quot;Wikipedia Home Page Languages and Dropdowns&quot;](10)" classname="org.wikipedia.runner.TestNGRunner" time="12.168">
    <system-out><![CDATA[
@homepage @smoke @languages
Scenario Outline: Verify language links on the Wikipedia home page # file:///G:/ECLIPSE_PLAYGROUND/ParallelAutomation/src/test/resources/features/F2_HomePageFunctionality.feature:23
Return BrowserName from Runner:firefox
BrowserName from DriverUtil is firefox
  ✔ Given I am on the Wikipedia home page                          # org.wikipedia.stepdefs.F2_StepDef.i_am_on_the_wikipedia_home_page()
  ✔ When I click on the "Français" language link                   # org.wikipedia.stepdefs.F2_StepDef.i_click_on_the_language_link(java.lang.String)
  ✔ Then I should be navigated to the "fr.wikipedia.org" page      # org.wikipedia.stepdefs.F2_StepDef.i_should_be_navigated_to_the_page(java.lang.String)
]]></system-out>
  </testcase>
  <testcase name="runScenario[&quot;Verify language links on the Wikipedia home page&quot;, &quot;Wikipedia Home Page Languages and Dropdowns&quot;](11)" classname="org.wikipedia.runner.TestNGRunner" time="0.533">
    <system-out><![CDATA[
@homepage @smoke @languages
Scenario Outline: Verify language links on the Wikipedia home page # file:///G:/ECLIPSE_PLAYGROUND/ParallelAutomation/src/test/resources/features/F2_HomePageFunctionality.feature:24
Return BrowserName from Runner:chrome
BrowserName from DriverUtil is chrome
  ✔ When I click on the "Deutsch" language link                    # org.wikipedia.stepdefs.F2_StepDef.i_click_on_the_language_link(java.lang.String)
  ✔ Then I should be navigated to the "de.wikipedia.org" page      # org.wikipedia.stepdefs.F2_StepDef.i_should_be_navigated_to_the_page(java.lang.String)
]]></system-out>
  </testcase>
  <testcase name="runScenario[&quot;Verify language links on the Wikipedia home page&quot;, &quot;Wikipedia Home Page Languages and Dropdowns&quot;](11)" classname="org.wikipedia.runner.TestNGRunner" time="4.09">
    <system-out><![CDATA[
@homepage @smoke @languages
Scenario Outline: Verify language links on the Wikipedia home page # file:///G:/ECLIPSE_PLAYGROUND/ParallelAutomation/src/test/resources/features/F2_HomePageFunctionality.feature:25
Return BrowserName from Runner:edge
BrowserName from DriverUtil is edge
  ✔ Given I am on the Wikipedia home page                          # org.wikipedia.stepdefs.F2_StepDef.i_am_on_the_wikipedia_home_page()
  ✔ Given I am on the Wikipedia home page                          # org.wikipedia.stepdefs.F2_StepDef.i_am_on_the_wikipedia_home_page()
  ✔ When I click on the "Deutsch" language link                    # org.wikipedia.stepdefs.F2_StepDef.i_click_on_the_language_link(java.lang.String)
  ✔ Then I should be navigated to the "de.wikipedia.org" page      # org.wikipedia.stepdefs.F2_StepDef.i_should_be_navigated_to_the_page(java.lang.String)
]]></system-out>
  </testcase>
  <testcase name="runScenario[&quot;Verify language links on the Wikipedia home page&quot;, &quot;Wikipedia Home Page Languages and Dropdowns&quot;](11)" classname="org.wikipedia.runner.TestNGRunner" time="12.67">
    <system-out><![CDATA[
@homepage @smoke @languages
Scenario Outline: Verify language links on the Wikipedia home page # file:///G:/ECLIPSE_PLAYGROUND/ParallelAutomation/src/test/resources/features/F2_HomePageFunctionality.feature:24
Return BrowserName from Runner:firefox
BrowserName from DriverUtil is firefox
  ✔ Given I am on the Wikipedia home page                          # org.wikipedia.stepdefs.F2_StepDef.i_am_on_the_wikipedia_home_page()
  ✔ When I click on the "Deutsch" language link                    # org.wikipedia.stepdefs.F2_StepDef.i_click_on_the_language_link(java.lang.String)
  ✔ Then I should be navigated to the "de.wikipedia.org" page      # org.wikipedia.stepdefs.F2_StepDef.i_should_be_navigated_to_the_page(java.lang.String)
]]></system-out>
  </testcase>
  <testcase name="runScenario[&quot;Verify language links on the Wikipedia home page&quot;, &quot;Wikipedia Home Page Languages and Dropdowns&quot;](12)" classname="org.wikipedia.runner.TestNGRunner" time="1.018">
    <system-out><![CDATA[
@homepage @smoke @languages
Scenario Outline: Verify language links on the Wikipedia home page # file:///G:/ECLIPSE_PLAYGROUND/ParallelAutomation/src/test/resources/features/F2_HomePageFunctionality.feature:25
Return BrowserName from Runner:chrome
BrowserName from DriverUtil is chrome
  ✔ When I click on the "Español" language link                    # org.wikipedia.stepdefs.F2_StepDef.i_click_on_the_language_link(java.lang.String)
  ✔ Then I should be navigated to the "es.wikipedia.org" page      # org.wikipedia.stepdefs.F2_StepDef.i_should_be_navigated_to_the_page(java.lang.String)
  ✔ Given I am on the Wikipedia Login page                                                         # org.wikipedia.stepdefs.F1_StepDef.i_am_on_the_wikipedia_login_page()
]]></system-out>
  </testcase>
  <testcase name="runScenario[&quot;Verify language links on the Wikipedia home page&quot;, &quot;Wikipedia Home Page Languages and Dropdowns&quot;](12)" classname="org.wikipedia.runner.TestNGRunner" time="3.388">
    <system-out><![CDATA[
@homepage @smoke @languages
Scenario Outline: Verify language links on the Wikipedia home page # file:///G:/ECLIPSE_PLAYGROUND/ParallelAutomation/src/test/resources/features/F2_HomePageFunctionality.feature:26
Return BrowserName from Runner:edge
BrowserName from DriverUtil is edge
  ✔ When I enter "SeleniumT3stUser" in the Username field                                          # org.wikipedia.stepdefs.F1_StepDef.i_enter_in_the_username_field(java.lang.String)
  ✔ And I enter "Inc0rrectPass" in the Password field                                              # org.wikipedia.stepdefs.F1_StepDef.i_enter_in_the_password_field(java.lang.String)
  ✔ And I click the Login button                                                                   # org.wikipedia.stepdefs.F1_StepDef.i_click_the_login_button()
  ✔ Then I should see an error message "Incorrect username or password entered. Please try again." # org.wikipedia.stepdefs.F1_StepDef.i_should_see_an_error_message(java.lang.String)
  ✔ And I should still be on the Wikipedia Login page                                              # org.wikipedia.stepdefs.F1_StepDef.i_should_still_be_on_the_wikipedia_login_page()
  ✔ Given I am on the Wikipedia home page                          # org.wikipedia.stepdefs.F2_StepDef.i_am_on_the_wikipedia_home_page()
  ✔ When I click on the "Español" language link                    # org.wikipedia.stepdefs.F2_StepDef.i_click_on_the_language_link(java.lang.String)
  ✔ Then I should be navigated to the "es.wikipedia.org" page      # org.wikipedia.stepdefs.F2_StepDef.i_should_be_navigated_to_the_page(java.lang.String)
]]></system-out>
  </testcase>
  <testcase name="runScenario[&quot;Verify language links on the Wikipedia home page&quot;, &quot;Wikipedia Home Page Languages and Dropdowns&quot;](12)" classname="org.wikipedia.runner.TestNGRunner" time="10.815">
    <system-out><![CDATA[
@homepage @smoke @languages
Scenario Outline: Verify language links on the Wikipedia home page # file:///G:/ECLIPSE_PLAYGROUND/ParallelAutomation/src/test/resources/features/F2_HomePageFunctionality.feature:25
Return BrowserName from Runner:firefox
BrowserName from DriverUtil is firefox
  ✔ Given I am on the Wikipedia home page                          # org.wikipedia.stepdefs.F2_StepDef.i_am_on_the_wikipedia_home_page()
  ✔ When I click on the "Español" language link                    # org.wikipedia.stepdefs.F2_StepDef.i_click_on_the_language_link(java.lang.String)
  ✔ Then I should be navigated to the "es.wikipedia.org" page      # org.wikipedia.stepdefs.F2_StepDef.i_should_be_navigated_to_the_page(java.lang.String)
]]></system-out>
  </testcase>
  <testcase name="runScenario[&quot;Verify language links on the Wikipedia home page&quot;, &quot;Wikipedia Home Page Languages and Dropdowns&quot;](13)" classname="org.wikipedia.runner.TestNGRunner" time="1.438">
    <system-out><![CDATA[
@Login @InvalidLogin @Login
Scenario Outline: Unsuccessful login attempts with invalid credentials                             # file:///G:/ECLIPSE_PLAYGROUND/ParallelAutomation/src/test/resources/features/F1_LoginTest.feature:51
Return BrowserName from Runner:firefox
BrowserName from DriverUtil is firefox
  ✔ Given I am on the Wikipedia home page                          # org.wikipedia.stepdefs.F2_StepDef.i_am_on_the_wikipedia_home_page()
  ✔ When I click on the "Italiano" language link                   # org.wikipedia.stepdefs.F2_StepDef.i_click_on_the_language_link(java.lang.String)
  ✔ Then I should be navigated to the "it.wikipedia.org" page      # org.wikipedia.stepdefs.F2_StepDef.i_should_be_navigated_to_the_page(java.lang.String)
]]></system-out>
  </testcase>
  <testcase name="runScenario[&quot;Verify language links on the Wikipedia home page&quot;, &quot;Wikipedia Home Page Languages and Dropdowns&quot;](13)" classname="org.wikipedia.runner.TestNGRunner" time="3.013">
    <system-out><![CDATA[
@homepage @smoke @languages
Scenario Outline: Verify language links on the Wikipedia home page # file:///G:/ECLIPSE_PLAYGROUND/ParallelAutomation/src/test/resources/features/F2_HomePageFunctionality.feature:27
Return BrowserName from Runner:edge
BrowserName from DriverUtil is edge
  ✔ Given I am on the Wikipedia home page                          # org.wikipedia.stepdefs.F2_StepDef.i_am_on_the_wikipedia_home_page()
  ✔ When I click on the "Italiano" language link                   # org.wikipedia.stepdefs.F2_StepDef.i_click_on_the_language_link(java.lang.String)
  ✔ Then I should be navigated to the "it.wikipedia.org" page      # org.wikipedia.stepdefs.F2_StepDef.i_should_be_navigated_to_the_page(java.lang.String)
]]></system-out>
  </testcase>
  <testcase name="runScenario[&quot;Verify language links on the Wikipedia home page&quot;, &quot;Wikipedia Home Page Languages and Dropdowns&quot;](13)" classname="org.wikipedia.runner.TestNGRunner" time="10.884">
    <system-out><![CDATA[
@homepage @smoke @languages
Scenario Outline: Verify language links on the Wikipedia home page # file:///G:/ECLIPSE_PLAYGROUND/ParallelAutomation/src/test/resources/features/F2_HomePageFunctionality.feature:26
Return BrowserName from Runner:firefox
BrowserName from DriverUtil is firefox
  ✔ Given I am on the Wikipedia home page                          # org.wikipedia.stepdefs.F2_StepDef.i_am_on_the_wikipedia_home_page()
  ✔ When I click on the "Italiano" language link                   # org.wikipedia.stepdefs.F2_StepDef.i_click_on_the_language_link(java.lang.String)
  ✔ Then I should be navigated to the "it.wikipedia.org" page      # org.wikipedia.stepdefs.F2_StepDef.i_should_be_navigated_to_the_page(java.lang.String)
]]></system-out>
  </testcase>
  <testcase name="runScenario[&quot;Verify language links on the Wikipedia home page&quot;, &quot;Wikipedia Home Page Languages and Dropdowns&quot;](14)" classname="org.wikipedia.runner.TestNGRunner" time="2.427">
    <system-out><![CDATA[
@homepage @smoke @languages
Scenario Outline: Verify language links on the Wikipedia home page # file:///G:/ECLIPSE_PLAYGROUND/ParallelAutomation/src/test/resources/features/F2_HomePageFunctionality.feature:27
Return BrowserName from Runner:chrome
BrowserName from DriverUtil is chrome
  ✔ Given I am on the Wikipedia home page                          # org.wikipedia.stepdefs.F2_StepDef.i_am_on_the_wikipedia_home_page()
  ✔ When I click on the "日本語" language link                        # org.wikipedia.stepdefs.F2_StepDef.i_click_on_the_language_link(java.lang.String)
  ✔ Then I should be navigated to the "ja.wikipedia.org" page      # org.wikipedia.stepdefs.F2_StepDef.i_should_be_navigated_to_the_page(java.lang.String)
]]></system-out>
  </testcase>
  <testcase name="runScenario[&quot;Verify language links on the Wikipedia home page&quot;, &quot;Wikipedia Home Page Languages and Dropdowns&quot;](14)" classname="org.wikipedia.runner.TestNGRunner" time="4.557">
    <system-out><![CDATA[
@homepage @smoke @languages
Scenario Outline: Verify language links on the Wikipedia home page # file:///G:/ECLIPSE_PLAYGROUND/ParallelAutomation/src/test/resources/features/F2_HomePageFunctionality.feature:28
Return BrowserName from Runner:edge
BrowserName from DriverUtil is edge
  ✔ Given I am on the Wikipedia home page                          # org.wikipedia.stepdefs.F2_StepDef.i_am_on_the_wikipedia_home_page()
  ✔ When I click on the "日本語" language link                        # org.wikipedia.stepdefs.F2_StepDef.i_click_on_the_language_link(java.lang.String)
  ✔ Then I should be navigated to the "ja.wikipedia.org" page      # org.wikipedia.stepdefs.F2_StepDef.i_should_be_navigated_to_the_page(java.lang.String)
  ✔ Given I am on the Wikipedia home page                          # org.wikipedia.stepdefs.F2_StepDef.i_am_on_the_wikipedia_home_page()
  ✔ Given I am on the Wikipedia Login page                                                         # org.wikipedia.stepdefs.F1_StepDef.i_am_on_the_wikipedia_login_page()
  ✔ When I enter "N0nExistentUser123" in the Username field                                        # org.wikipedia.stepdefs.F1_StepDef.i_enter_in_the_username_field(java.lang.String)
]]></system-out>
  </testcase>
  <testcase name="runScenario[&quot;Verify language links on the Wikipedia home page&quot;, &quot;Wikipedia Home Page Languages and Dropdowns&quot;](14)" classname="org.wikipedia.runner.TestNGRunner" time="10.761">
    <system-out><![CDATA[
@homepage @smoke @languages
Scenario Outline: Verify language links on the Wikipedia home page # file:///G:/ECLIPSE_PLAYGROUND/ParallelAutomation/src/test/resources/features/F2_HomePageFunctionality.feature:27
Return BrowserName from Runner:firefox
BrowserName from DriverUtil is firefox
  ✔ Given I am on the Wikipedia home page                          # org.wikipedia.stepdefs.F2_StepDef.i_am_on_the_wikipedia_home_page()
  ✔ When I click on the "日本語" language link                        # org.wikipedia.stepdefs.F2_StepDef.i_click_on_the_language_link(java.lang.String)
  ✔ Then I should be navigated to the "ja.wikipedia.org" page      # org.wikipedia.stepdefs.F2_StepDef.i_should_be_navigated_to_the_page(java.lang.String)
]]></system-out>
  </testcase>
  <testcase name="runScenario[&quot;Verify language links on the Wikipedia home page&quot;, &quot;Wikipedia Home Page Languages and Dropdowns&quot;](15)" classname="org.wikipedia.runner.TestNGRunner" time="0.825">
    <system-out><![CDATA[
@homepage @smoke @languages
Scenario Outline: Verify language links on the Wikipedia home page # file:///G:/ECLIPSE_PLAYGROUND/ParallelAutomation/src/test/resources/features/F2_HomePageFunctionality.feature:28
Return BrowserName from Runner:chrome
BrowserName from DriverUtil is chrome
  ✔ And I enter "AnyP4ssw0rd" in the Password field                                                # org.wikipedia.stepdefs.F1_StepDef.i_enter_in_the_password_field(java.lang.String)
  ✔ When I click on the "中文" language link                         # org.wikipedia.stepdefs.F2_StepDef.i_click_on_the_language_link(java.lang.String)
  ✔ Then I should be navigated to the "zh.wikipedia.org" page      # org.wikipedia.stepdefs.F2_StepDef.i_should_be_navigated_to_the_page(java.lang.String)
  ✔ And I click the Login button                                                                   # org.wikipedia.stepdefs.F1_StepDef.i_click_the_login_button()
  ✔ Then I should see an error message "Incorrect username or password entered. Please try again." # org.wikipedia.stepdefs.F1_StepDef.i_should_see_an_error_message(java.lang.String)
  ✔ And I should still be on the Wikipedia Login page                                              # org.wikipedia.stepdefs.F1_StepDef.i_should_still_be_on_the_wikipedia_login_page()
]]></system-out>
  </testcase>
  <testcase name="runScenario[&quot;Verify language links on the Wikipedia home page&quot;, &quot;Wikipedia Home Page Languages and Dropdowns&quot;](15)" classname="org.wikipedia.runner.TestNGRunner" time="1.071">
    <system-out><![CDATA[
@Login @Validation @Login
Scenario Outline: Unsuccessful login attempts with empty fields for HTML5 validation erros # file:///G:/ECLIPSE_PLAYGROUND/ParallelAutomation/src/test/resources/features/F1_LoginTest.feature:65
Return BrowserName from Runner:firefox
BrowserName from DriverUtil is firefox
  ✔ When I click on the "中文" language link                         # org.wikipedia.stepdefs.F2_StepDef.i_click_on_the_language_link(java.lang.String)
  ✔ Then I should be navigated to the "zh.wikipedia.org" page      # org.wikipedia.stepdefs.F2_StepDef.i_should_be_navigated_to_the_page(java.lang.String)
  ✔ Given I am on the Wikipedia home page                          # org.wikipedia.stepdefs.F2_StepDef.i_am_on_the_wikipedia_home_page()
]]></system-out>
  </testcase>
  <testcase name="runScenario[&quot;Verify language links on the Wikipedia home page&quot;, &quot;Wikipedia Home Page Languages and Dropdowns&quot;](15)" classname="org.wikipedia.runner.TestNGRunner" time="10.686">
    <system-out><![CDATA[
@homepage @smoke @languages
Scenario Outline: Verify language links on the Wikipedia home page # file:///G:/ECLIPSE_PLAYGROUND/ParallelAutomation/src/test/resources/features/F2_HomePageFunctionality.feature:28
Return BrowserName from Runner:firefox
BrowserName from DriverUtil is firefox
  ✔ Given I am on the Wikipedia home page                          # org.wikipedia.stepdefs.F2_StepDef.i_am_on_the_wikipedia_home_page()
  ✔ When I click on the "中文" language link                         # org.wikipedia.stepdefs.F2_StepDef.i_click_on_the_language_link(java.lang.String)
  ✔ Then I should be navigated to the "zh.wikipedia.org" page      # org.wikipedia.stepdefs.F2_StepDef.i_should_be_navigated_to_the_page(java.lang.String)
]]></system-out>
  </testcase>
  <testcase name="runScenario[&quot;Verify language links on the Wikipedia home page&quot;, &quot;Wikipedia Home Page Languages and Dropdowns&quot;](16)" classname="org.wikipedia.runner.TestNGRunner" time="0.897">
    <system-out><![CDATA[
@homepage @smoke @languages
Scenario Outline: Verify language links on the Wikipedia home page # file:///G:/ECLIPSE_PLAYGROUND/ParallelAutomation/src/test/resources/features/F2_HomePageFunctionality.feature:29
Return BrowserName from Runner:chrome
BrowserName from DriverUtil is chrome
  ✔ When I click on the "Português" language link                  # org.wikipedia.stepdefs.F2_StepDef.i_click_on_the_language_link(java.lang.String)
  ✔ Then I should be navigated to the "pt.wikipedia.org" page      # org.wikipedia.stepdefs.F2_StepDef.i_should_be_navigated_to_the_page(java.lang.String)
]]></system-out>
  </testcase>
  <testcase name="runScenario[&quot;Verify language links on the Wikipedia home page&quot;, &quot;Wikipedia Home Page Languages and Dropdowns&quot;](16)" classname="org.wikipedia.runner.TestNGRunner" time="3.323">
    <system-out><![CDATA[
@homepage @smoke @languages
Scenario Outline: Verify language links on the Wikipedia home page # file:///G:/ECLIPSE_PLAYGROUND/ParallelAutomation/src/test/resources/features/F2_HomePageFunctionality.feature:30
Return BrowserName from Runner:edge
BrowserName from DriverUtil is edge
  ✔ Given I am on the Wikipedia home page                          # org.wikipedia.stepdefs.F2_StepDef.i_am_on_the_wikipedia_home_page()
  ✔ When I click on the "Português" language link                  # org.wikipedia.stepdefs.F2_StepDef.i_click_on_the_language_link(java.lang.String)
  ✔ Then I should be navigated to the "pt.wikipedia.org" page      # org.wikipedia.stepdefs.F2_StepDef.i_should_be_navigated_to_the_page(java.lang.String)
]]></system-out>
  </testcase>
  <testcase name="runScenario[&quot;Verify language links on the Wikipedia home page&quot;, &quot;Wikipedia Home Page Languages and Dropdowns&quot;](16)" classname="org.wikipedia.runner.TestNGRunner" time="10.596">
    <system-out><![CDATA[
@homepage @smoke @languages
Scenario Outline: Verify language links on the Wikipedia home page # file:///G:/ECLIPSE_PLAYGROUND/ParallelAutomation/src/test/resources/features/F2_HomePageFunctionality.feature:29
Return BrowserName from Runner:firefox
BrowserName from DriverUtil is firefox
  ✔ Given I am on the Wikipedia home page                          # org.wikipedia.stepdefs.F2_StepDef.i_am_on_the_wikipedia_home_page()
  ✔ When I click on the "Português" language link                  # org.wikipedia.stepdefs.F2_StepDef.i_click_on_the_language_link(java.lang.String)
  ✔ Then I should be navigated to the "pt.wikipedia.org" page      # org.wikipedia.stepdefs.F2_StepDef.i_should_be_navigated_to_the_page(java.lang.String)
]]></system-out>
  </testcase>
  <testcase name="runScenario[&quot;Verify language links on the Wikipedia home page&quot;, &quot;Wikipedia Home Page Languages and Dropdowns&quot;](17)" classname="org.wikipedia.runner.TestNGRunner" time="1.432">
    <system-out><![CDATA[
@homepage @smoke @languages
Scenario Outline: Verify language links on the Wikipedia home page # file:///G:/ECLIPSE_PLAYGROUND/ParallelAutomation/src/test/resources/features/F2_HomePageFunctionality.feature:30
Return BrowserName from Runner:chrome
BrowserName from DriverUtil is chrome
  ✔ Given I am on the Wikipedia home page                          # org.wikipedia.stepdefs.F2_StepDef.i_am_on_the_wikipedia_home_page()
  ✔ When I click on the "Polski" language link                     # org.wikipedia.stepdefs.F2_StepDef.i_click_on_the_language_link(java.lang.String)
  ✔ Then I should be navigated to the "pl.wikipedia.org" page      # org.wikipedia.stepdefs.F2_StepDef.i_should_be_navigated_to_the_page(java.lang.String)
]]></system-out>
  </testcase>
  <testcase name="runScenario[&quot;Verify language links on the Wikipedia home page&quot;, &quot;Wikipedia Home Page Languages and Dropdowns&quot;](17)" classname="org.wikipedia.runner.TestNGRunner" time="2.865">
    <system-out><![CDATA[
@homepage @regression @dropdown
Scenario: Verify "Read Wikipedia in your language" dropdown        # file:///G:/ECLIPSE_PLAYGROUND/ParallelAutomation/src/test/resources/features/F2_HomePageFunctionality.feature:34
Return BrowserName from Runner:edge
BrowserName from DriverUtil is edge
  ✔ Given I am on the Wikipedia home page                          # org.wikipedia.stepdefs.F2_StepDef.i_am_on_the_wikipedia_home_page()
  ✔ When I click on the "Polski" language link                     # org.wikipedia.stepdefs.F2_StepDef.i_click_on_the_language_link(java.lang.String)
  ✔ Then I should be navigated to the "pl.wikipedia.org" page      # org.wikipedia.stepdefs.F2_StepDef.i_should_be_navigated_to_the_page(java.lang.String)
]]></system-out>
  </testcase>
  <testcase name="runScenario[&quot;Verify language links on the Wikipedia home page&quot;, &quot;Wikipedia Home Page Languages and Dropdowns&quot;](17)" classname="org.wikipedia.runner.TestNGRunner" time="11.823">
    <system-out><![CDATA[
@homepage @smoke @languages
Scenario Outline: Verify language links on the Wikipedia home page # file:///G:/ECLIPSE_PLAYGROUND/ParallelAutomation/src/test/resources/features/F2_HomePageFunctionality.feature:30
Return BrowserName from Runner:firefox
BrowserName from DriverUtil is firefox
  ✔ Given I am on the Wikipedia home page                          # org.wikipedia.stepdefs.F2_StepDef.i_am_on_the_wikipedia_home_page()
  ✔ When I click on the "Polski" language link                     # org.wikipedia.stepdefs.F2_StepDef.i_click_on_the_language_link(java.lang.String)
  ✔ Then I should be navigated to the "pl.wikipedia.org" page      # org.wikipedia.stepdefs.F2_StepDef.i_should_be_navigated_to_the_page(java.lang.String)
]]></system-out>
  </testcase>
  <testcase name="runScenario[&quot;Verify &quot;Read Wikipedia in your language&quot; dropdown&quot;, &quot;Wikipedia Home Page Languages and Dropdowns&quot;](18)" classname="org.wikipedia.runner.TestNGRunner" time="2.845">
    <system-out><![CDATA[
@homepage @regression @dropdown
Scenario: Verify "Read Wikipedia in your language" dropdown        # file:///G:/ECLIPSE_PLAYGROUND/ParallelAutomation/src/test/resources/features/F2_HomePageFunctionality.feature:34
Return BrowserName from Runner:chrome
BrowserName from DriverUtil is chrome
  ✔ Given I am on the Wikipedia home page                          # org.wikipedia.stepdefs.F2_StepDef.i_am_on_the_wikipedia_home_page()
  ✔ Given I am on the Wikipedia Login page                                                 # org.wikipedia.stepdefs.F1_StepDef.i_am_on_the_wikipedia_login_page()
  ✔ When I leave the "Username" field empty                                                # org.wikipedia.stepdefs.F1_StepDef.i_leave_the_field_empty(java.lang.String)
  ✔ And I enter "AnyPassword" in the "Password" field                                      # org.wikipedia.stepdefs.F1_StepDef.i_enter_in_the_field(java.lang.String,java.lang.String)
  ✔ When I click on the "Read Wikipedia in your language" dropdown # org.wikipedia.stepdefs.F2_StepDef.i_click_on_the_dropdown(java.lang.String)
  ✔ And I click the Login button                                                           # org.wikipedia.stepdefs.F1_StepDef.i_click_the_login_button()
  ✔ Then I should see a browser validation message for the "Username" field                # org.wikipedia.stepdefs.F1_StepDef.i_should_see_a_browser_validation_message_for_the_field(java.lang.String)
  ✔ And I should still be on the Wikipedia Login page                                      # org.wikipedia.stepdefs.F1_StepDef.i_should_still_be_on_the_wikipedia_login_page()
  ✔ Then I should see the full list of available languages         # org.wikipedia.stepdefs.F2_StepDef.i_should_see_the_full_list_of_available_languages()
]]></system-out>
  </testcase>
  <testcase name="runScenario[&quot;Verify &quot;Read Wikipedia in your language&quot; dropdown&quot;, &quot;Wikipedia Home Page Languages and Dropdowns&quot;](18)" classname="org.wikipedia.runner.TestNGRunner" time="1.672">
    <system-out><![CDATA[
@Login @Validation @Login
Scenario Outline: Unsuccessful login attempts with empty fields for HTML5 validation erros # file:///G:/ECLIPSE_PLAYGROUND/ParallelAutomation/src/test/resources/features/F1_LoginTest.feature:66
Return BrowserName from Runner:firefox
BrowserName from DriverUtil is firefox
  ✔ Then I should see the full list of available languages         # org.wikipedia.stepdefs.F2_StepDef.i_should_see_the_full_list_of_available_languages()
]]></system-out>
  </testcase>
  <testcase name="runScenario[&quot;Verify &quot;Read Wikipedia in your language&quot; dropdown&quot;, &quot;Wikipedia Home Page Languages and Dropdowns&quot;](18)" classname="org.wikipedia.runner.TestNGRunner" time="11.107">
    <system-out><![CDATA[
@homepage @regression @dropdown
Scenario: Verify "Read Wikipedia in your language" dropdown        # file:///G:/ECLIPSE_PLAYGROUND/ParallelAutomation/src/test/resources/features/F2_HomePageFunctionality.feature:34
Return BrowserName from Runner:firefox
BrowserName from DriverUtil is firefox
  ✔ Given I am on the Wikipedia home page                          # org.wikipedia.stepdefs.F2_StepDef.i_am_on_the_wikipedia_home_page()
  ✔ When I click on the "Read Wikipedia in your language" dropdown # org.wikipedia.stepdefs.F2_StepDef.i_click_on_the_dropdown(java.lang.String)
  ✔ Then I should see the full list of available languages         # org.wikipedia.stepdefs.F2_StepDef.i_should_see_the_full_list_of_available_languages()
]]></system-out>
  </testcase>
  <testcase name="runScenario[&quot;Verify all available languages in the search dropdown&quot;, &quot;Wikipedia Home Page Languages and Dropdowns&quot;](19)" classname="org.wikipedia.runner.TestNGRunner" time="5.02">
    <system-out><![CDATA[
@homepage @smoke @languages
Scenario Outline: Verify language links on the Wikipedia home page # file:///G:/ECLIPSE_PLAYGROUND/ParallelAutomation/src/test/resources/features/F2_HomePageFunctionality.feature:21
Return BrowserName from Runner:firefox
BrowserName from DriverUtil is firefox
  ✔ Then each language option should be selectable              # org.wikipedia.stepdefs.F2_StepDef.each_language_option_should_be_selectable()
]]></system-out>
  </testcase>
  <testcase name="runScenario[&quot;Verify all available languages in the search dropdown&quot;, &quot;Wikipedia Home Page Languages and Dropdowns&quot;](19)" classname="org.wikipedia.runner.TestNGRunner" time="5.72">
    <system-out><![CDATA[  ✔ Then each language option should be selectable              # org.wikipedia.stepdefs.F2_StepDef.each_language_option_should_be_selectable()
]]></system-out>
  </testcase>
  <testcase name="runScenario[&quot;Verify all available languages in the search dropdown&quot;, &quot;Wikipedia Home Page Languages and Dropdowns&quot;](19)" classname="org.wikipedia.runner.TestNGRunner" time="18.071">
    <failure message="Not all languages were selectable" type="java.lang.AssertionError"><![CDATA[java.lang.AssertionError: Not all languages were selectable
	at org.junit.Assert.fail(Assert.java:89)
	at org.junit.Assert.assertTrue(Assert.java:42)
	at org.wikipedia.stepdefs.F2_StepDef.each_language_option_should_be_selectable(F2_StepDef.java:54)
	at ✽.each language option should be selectable(file:///G:/ECLIPSE_PLAYGROUND/ParallelAutomation/src/test/resources/features/F2_HomePageFunctionality.feature:42)
]]></failure>
    <system-out><![CDATA[
@homepage @regression @dropdown @full
Scenario: Verify all available languages in the search dropdown # file:///G:/ECLIPSE_PLAYGROUND/ParallelAutomation/src/test/resources/features/F2_HomePageFunctionality.feature:40
Return BrowserName from Runner:firefox
BrowserName from DriverUtil is firefox
  ✔ Given I am on the Wikipedia home page                       # org.wikipedia.stepdefs.F2_StepDef.i_am_on_the_wikipedia_home_page()
  ✔ When I collect all the languages from the search dropdown   # org.wikipedia.stepdefs.F2_StepDef.i_collect_all_the_languages_from_the_search_dropdown()
  ✘ Then each language option should be selectable              # org.wikipedia.stepdefs.F2_StepDef.each_language_option_should_be_selectable()
        java.lang.AssertionError: Not all languages were selectable
        	at org.junit.Assert.fail(Assert.java:89)
        	at org.junit.Assert.assertTrue(Assert.java:42)
        	at org.wikipedia.stepdefs.F2_StepDef.each_language_option_should_be_selectable(F2_StepDef.java:54)
        	at ✽.each language option should be selectable(file:///G:/ECLIPSE_PLAYGROUND/ParallelAutomation/src/test/resources/features/F2_HomePageFunctionality.feature:42)
]]></system-out>
  </testcase>
</testsuite>