<?xml version="1.0" encoding="UTF-8"?>
<testng-results ignored="0" total="57" passed="56" failed="1" skipped="0">
  <reporter-output>
  </reporter-output>
  <suite started-at="2025-09-12T12:58:51 GMT-04:00" name="CrossBrowserSuite" finished-at="2025-09-12T13:03:14 GMT-04:00" duration-ms="263265">
    <groups>
      <group name="cucumber">
        <method signature="AbstractTestNGCucumberTests.runScenario(io.cucumber.testng.PickleWrapper,io.cucumber.testng.FeatureWrapper)[pri:0, instance:org.wikipedia.runner.TestNGRunner@74e52ef6]" name="runScenario" class="io.cucumber.testng.AbstractTestNGCucumberTests"/>
        <method signature="AbstractTestNGCucumberTests.runScenario(io.cucumber.testng.PickleWrapper,io.cucumber.testng.FeatureWrapper)[pri:0, instance:org.wikipedia.runner.TestNGRunner@7d8704ef]" name="runScenario" class="io.cucumber.testng.AbstractTestNGCucumberTests"/>
        <method signature="AbstractTestNGCucumberTests.runScenario(io.cucumber.testng.PickleWrapper,io.cucumber.testng.FeatureWrapper)[pri:0, instance:org.wikipedia.runner.TestNGRunner@158a8276]" name="runScenario" class="io.cucumber.testng.AbstractTestNGCucumberTests"/>
      </group> <!-- cucumber -->
    </groups>
    <test started-at="2025-09-12T12:58:51 GMT-04:00" name="EdgeTest" finished-at="2025-09-12T13:00:55 GMT-04:00" duration-ms="124182">
      <class name="org.wikipedia.runner.TestNGRunner">
        <test-method is-config="true" signature="setBrowser(java.lang.String)[pri:0, instance:org.wikipedia.runner.TestNGRunner@158a8276]" started-at="2025-09-12T12:58:51 GMT-04:00" name="setBrowser" finished-at="2025-09-12T12:58:51 GMT-04:00" duration-ms="37" status="PASS">
          <params>
            <param index="0">
              <value>
                <![CDATA[edge]]>
              </value>
            </param>
          </params>
          <reporter-output>
          </reporter-output>
        </test-method> <!-- setBrowser -->
        <test-method is-config="true" signature="setUpClass(org.testng.ITestContext)[pri:0, instance:org.wikipedia.runner.TestNGRunner@158a8276]" started-at="2025-09-12T12:58:51 GMT-04:00" name="setUpClass" finished-at="2025-09-12T12:58:53 GMT-04:00" duration-ms="1427" status="PASS">
          <params>
            <param index="0">
              <value>
                <![CDATA[org.testng.TestRunner@44a7bfbc]]>
              </value>
            </param>
          </params>
          <reporter-output>
          </reporter-output>
        </test-method> <!-- setUpClass -->
        <test-method signature="runScenario(io.cucumber.testng.PickleWrapper,io.cucumber.testng.FeatureWrapper)[pri:0, instance:org.wikipedia.runner.TestNGRunner@158a8276]" started-at="2025-09-12T12:58:53 GMT-04:00" name="runScenario" description="Runs Cucumber Scenarios" data-provider="scenarios" finished-at="2025-09-12T12:59:02 GMT-04:00" duration-ms="8908" status="PASS">
          <params>
            <param index="0">
              <value>
                <![CDATA["Navigate to the login page from the main page"]]>
              </value>
            </param>
            <param index="1">
              <value>
                <![CDATA["User Login on Wikipedia"]]>
              </value>
            </param>
          </params>
          <reporter-output>
          </reporter-output>
        </test-method> <!-- runScenario -->
        <test-method signature="runScenario(io.cucumber.testng.PickleWrapper,io.cucumber.testng.FeatureWrapper)[pri:0, instance:org.wikipedia.runner.TestNGRunner@158a8276]" started-at="2025-09-12T12:59:02 GMT-04:00" name="runScenario" description="Runs Cucumber Scenarios" data-provider="scenarios" finished-at="2025-09-12T12:59:11 GMT-04:00" duration-ms="9649" status="PASS">
          <params>
            <param index="0">
              <value>
                <![CDATA["Successful login with valid credentials"]]>
              </value>
            </param>
            <param index="1">
              <value>
                <![CDATA["User Login on Wikipedia"]]>
              </value>
            </param>
          </params>
          <reporter-output>
          </reporter-output>
        </test-method> <!-- runScenario -->
        <test-method signature="runScenario(io.cucumber.testng.PickleWrapper,io.cucumber.testng.FeatureWrapper)[pri:0, instance:org.wikipedia.runner.TestNGRunner@158a8276]" started-at="2025-09-12T12:59:11 GMT-04:00" name="runScenario" description="Runs Cucumber Scenarios" data-provider="scenarios" finished-at="2025-09-12T12:59:15 GMT-04:00" duration-ms="4265" status="PASS">
          <params>
            <param index="0">
              <value>
                <![CDATA[""Keep me logged in" checkbox functionality"]]>
              </value>
            </param>
            <param index="1">
              <value>
                <![CDATA["User Login on Wikipedia"]]>
              </value>
            </param>
          </params>
          <reporter-output>
          </reporter-output>
        </test-method> <!-- runScenario -->
        <test-method signature="runScenario(io.cucumber.testng.PickleWrapper,io.cucumber.testng.FeatureWrapper)[pri:0, instance:org.wikipedia.runner.TestNGRunner@158a8276]" started-at="2025-09-12T12:59:15 GMT-04:00" name="runScenario" description="Runs Cucumber Scenarios" data-provider="scenarios" finished-at="2025-09-12T12:59:21 GMT-04:00" duration-ms="5211" status="PASS">
          <params>
            <param index="0">
              <value>
                <![CDATA["Unsuccessful login attempts with invalid credentials"]]>
              </value>
            </param>
            <param index="1">
              <value>
                <![CDATA["User Login on Wikipedia"]]>
              </value>
            </param>
          </params>
          <reporter-output>
          </reporter-output>
        </test-method> <!-- runScenario -->
        <test-method signature="runScenario(io.cucumber.testng.PickleWrapper,io.cucumber.testng.FeatureWrapper)[pri:0, instance:org.wikipedia.runner.TestNGRunner@158a8276]" started-at="2025-09-12T12:59:21 GMT-04:00" name="runScenario" description="Runs Cucumber Scenarios" data-provider="scenarios" finished-at="2025-09-12T12:59:26 GMT-04:00" duration-ms="5425" status="PASS">
          <params>
            <param index="0">
              <value>
                <![CDATA["Unsuccessful login attempts with invalid credentials"]]>
              </value>
            </param>
            <param index="1">
              <value>
                <![CDATA["User Login on Wikipedia"]]>
              </value>
            </param>
          </params>
          <reporter-output>
          </reporter-output>
        </test-method> <!-- runScenario -->
        <test-method signature="runScenario(io.cucumber.testng.PickleWrapper,io.cucumber.testng.FeatureWrapper)[pri:0, instance:org.wikipedia.runner.TestNGRunner@158a8276]" started-at="2025-09-12T12:59:26 GMT-04:00" name="runScenario" description="Runs Cucumber Scenarios" data-provider="scenarios" finished-at="2025-09-12T12:59:32 GMT-04:00" duration-ms="6092" status="PASS">
          <params>
            <param index="0">
              <value>
                <![CDATA["Unsuccessful login attempts with empty fields for HTML5 validation erros"]]>
              </value>
            </param>
            <param index="1">
              <value>
                <![CDATA["User Login on Wikipedia"]]>
              </value>
            </param>
          </params>
          <reporter-output>
          </reporter-output>
        </test-method> <!-- runScenario -->
        <test-method signature="runScenario(io.cucumber.testng.PickleWrapper,io.cucumber.testng.FeatureWrapper)[pri:0, instance:org.wikipedia.runner.TestNGRunner@158a8276]" started-at="2025-09-12T12:59:32 GMT-04:00" name="runScenario" description="Runs Cucumber Scenarios" data-provider="scenarios" finished-at="2025-09-12T12:59:37 GMT-04:00" duration-ms="4886" status="PASS">
          <params>
            <param index="0">
              <value>
                <![CDATA["Unsuccessful login attempts with empty fields for HTML5 validation erros"]]>
              </value>
            </param>
            <param index="1">
              <value>
                <![CDATA["User Login on Wikipedia"]]>
              </value>
            </param>
          </params>
          <reporter-output>
          </reporter-output>
        </test-method> <!-- runScenario -->
        <test-method signature="runScenario(io.cucumber.testng.PickleWrapper,io.cucumber.testng.FeatureWrapper)[pri:0, instance:org.wikipedia.runner.TestNGRunner@158a8276]" started-at="2025-09-12T12:59:37 GMT-04:00" name="runScenario" description="Runs Cucumber Scenarios" data-provider="scenarios" finished-at="2025-09-12T12:59:44 GMT-04:00" duration-ms="6842" status="PASS">
          <params>
            <param index="0">
              <value>
                <![CDATA["Verify language links on the Wikipedia home page"]]>
              </value>
            </param>
            <param index="1">
              <value>
                <![CDATA["Wikipedia Home Page Languages and Dropdowns"]]>
              </value>
            </param>
          </params>
          <reporter-output>
          </reporter-output>
        </test-method> <!-- runScenario -->
        <test-method signature="runScenario(io.cucumber.testng.PickleWrapper,io.cucumber.testng.FeatureWrapper)[pri:0, instance:org.wikipedia.runner.TestNGRunner@158a8276]" started-at="2025-09-12T12:59:44 GMT-04:00" name="runScenario" description="Runs Cucumber Scenarios" data-provider="scenarios" finished-at="2025-09-12T12:59:49 GMT-04:00" duration-ms="5173" status="PASS">
          <params>
            <param index="0">
              <value>
                <![CDATA["Verify language links on the Wikipedia home page"]]>
              </value>
            </param>
            <param index="1">
              <value>
                <![CDATA["Wikipedia Home Page Languages and Dropdowns"]]>
              </value>
            </param>
          </params>
          <reporter-output>
          </reporter-output>
        </test-method> <!-- runScenario -->
        <test-method signature="runScenario(io.cucumber.testng.PickleWrapper,io.cucumber.testng.FeatureWrapper)[pri:0, instance:org.wikipedia.runner.TestNGRunner@158a8276]" started-at="2025-09-12T12:59:49 GMT-04:00" name="runScenario" description="Runs Cucumber Scenarios" data-provider="scenarios" finished-at="2025-09-12T12:59:54 GMT-04:00" duration-ms="5090" status="PASS">
          <params>
            <param index="0">
              <value>
                <![CDATA["Verify language links on the Wikipedia home page"]]>
              </value>
            </param>
            <param index="1">
              <value>
                <![CDATA["Wikipedia Home Page Languages and Dropdowns"]]>
              </value>
            </param>
          </params>
          <reporter-output>
          </reporter-output>
        </test-method> <!-- runScenario -->
        <test-method signature="runScenario(io.cucumber.testng.PickleWrapper,io.cucumber.testng.FeatureWrapper)[pri:0, instance:org.wikipedia.runner.TestNGRunner@158a8276]" started-at="2025-09-12T12:59:54 GMT-04:00" name="runScenario" description="Runs Cucumber Scenarios" data-provider="scenarios" finished-at="2025-09-12T12:59:59 GMT-04:00" duration-ms="5169" status="PASS">
          <params>
            <param index="0">
              <value>
                <![CDATA["Verify language links on the Wikipedia home page"]]>
              </value>
            </param>
            <param index="1">
              <value>
                <![CDATA["Wikipedia Home Page Languages and Dropdowns"]]>
              </value>
            </param>
          </params>
          <reporter-output>
          </reporter-output>
        </test-method> <!-- runScenario -->
        <test-method signature="runScenario(io.cucumber.testng.PickleWrapper,io.cucumber.testng.FeatureWrapper)[pri:0, instance:org.wikipedia.runner.TestNGRunner@158a8276]" started-at="2025-09-12T12:59:59 GMT-04:00" name="runScenario" description="Runs Cucumber Scenarios" data-provider="scenarios" finished-at="2025-09-12T13:00:05 GMT-04:00" duration-ms="5111" status="PASS">
          <params>
            <param index="0">
              <value>
                <![CDATA["Verify language links on the Wikipedia home page"]]>
              </value>
            </param>
            <param index="1">
              <value>
                <![CDATA["Wikipedia Home Page Languages and Dropdowns"]]>
              </value>
            </param>
          </params>
          <reporter-output>
          </reporter-output>
        </test-method> <!-- runScenario -->
        <test-method signature="runScenario(io.cucumber.testng.PickleWrapper,io.cucumber.testng.FeatureWrapper)[pri:0, instance:org.wikipedia.runner.TestNGRunner@158a8276]" started-at="2025-09-12T13:00:05 GMT-04:00" name="runScenario" description="Runs Cucumber Scenarios" data-provider="scenarios" finished-at="2025-09-12T13:00:09 GMT-04:00" duration-ms="4840" status="PASS">
          <params>
            <param index="0">
              <value>
                <![CDATA["Verify language links on the Wikipedia home page"]]>
              </value>
            </param>
            <param index="1">
              <value>
                <![CDATA["Wikipedia Home Page Languages and Dropdowns"]]>
              </value>
            </param>
          </params>
          <reporter-output>
          </reporter-output>
        </test-method> <!-- runScenario -->
        <test-method signature="runScenario(io.cucumber.testng.PickleWrapper,io.cucumber.testng.FeatureWrapper)[pri:0, instance:org.wikipedia.runner.TestNGRunner@158a8276]" started-at="2025-09-12T13:00:09 GMT-04:00" name="runScenario" description="Runs Cucumber Scenarios" data-provider="scenarios" finished-at="2025-09-12T13:00:15 GMT-04:00" duration-ms="5440" status="PASS">
          <params>
            <param index="0">
              <value>
                <![CDATA["Verify language links on the Wikipedia home page"]]>
              </value>
            </param>
            <param index="1">
              <value>
                <![CDATA["Wikipedia Home Page Languages and Dropdowns"]]>
              </value>
            </param>
          </params>
          <reporter-output>
          </reporter-output>
        </test-method> <!-- runScenario -->
        <test-method signature="runScenario(io.cucumber.testng.PickleWrapper,io.cucumber.testng.FeatureWrapper)[pri:0, instance:org.wikipedia.runner.TestNGRunner@158a8276]" started-at="2025-09-12T13:00:15 GMT-04:00" name="runScenario" description="Runs Cucumber Scenarios" data-provider="scenarios" finished-at="2025-09-12T13:00:20 GMT-04:00" duration-ms="5384" status="PASS">
          <params>
            <param index="0">
              <value>
                <![CDATA["Verify language links on the Wikipedia home page"]]>
              </value>
            </param>
            <param index="1">
              <value>
                <![CDATA["Wikipedia Home Page Languages and Dropdowns"]]>
              </value>
            </param>
          </params>
          <reporter-output>
          </reporter-output>
        </test-method> <!-- runScenario -->
        <test-method signature="runScenario(io.cucumber.testng.PickleWrapper,io.cucumber.testng.FeatureWrapper)[pri:0, instance:org.wikipedia.runner.TestNGRunner@158a8276]" started-at="2025-09-12T13:00:20 GMT-04:00" name="runScenario" description="Runs Cucumber Scenarios" data-provider="scenarios" finished-at="2025-09-12T13:00:25 GMT-04:00" duration-ms="4904" status="PASS">
          <params>
            <param index="0">
              <value>
                <![CDATA["Verify language links on the Wikipedia home page"]]>
              </value>
            </param>
            <param index="1">
              <value>
                <![CDATA["Wikipedia Home Page Languages and Dropdowns"]]>
              </value>
            </param>
          </params>
          <reporter-output>
          </reporter-output>
        </test-method> <!-- runScenario -->
        <test-method signature="runScenario(io.cucumber.testng.PickleWrapper,io.cucumber.testng.FeatureWrapper)[pri:0, instance:org.wikipedia.runner.TestNGRunner@158a8276]" started-at="2025-09-12T13:00:25 GMT-04:00" name="runScenario" description="Runs Cucumber Scenarios" data-provider="scenarios" finished-at="2025-09-12T13:00:30 GMT-04:00" duration-ms="4754" status="PASS">
          <params>
            <param index="0">
              <value>
                <![CDATA["Verify language links on the Wikipedia home page"]]>
              </value>
            </param>
            <param index="1">
              <value>
                <![CDATA["Wikipedia Home Page Languages and Dropdowns"]]>
              </value>
            </param>
          </params>
          <reporter-output>
          </reporter-output>
        </test-method> <!-- runScenario -->
        <test-method signature="runScenario(io.cucumber.testng.PickleWrapper,io.cucumber.testng.FeatureWrapper)[pri:0, instance:org.wikipedia.runner.TestNGRunner@158a8276]" started-at="2025-09-12T13:00:30 GMT-04:00" name="runScenario" description="Runs Cucumber Scenarios" data-provider="scenarios" finished-at="2025-09-12T13:00:36 GMT-04:00" duration-ms="5713" status="PASS">
          <params>
            <param index="0">
              <value>
                <![CDATA["Verify "Read Wikipedia in your language" dropdown"]]>
              </value>
            </param>
            <param index="1">
              <value>
                <![CDATA["Wikipedia Home Page Languages and Dropdowns"]]>
              </value>
            </param>
          </params>
          <reporter-output>
          </reporter-output>
        </test-method> <!-- runScenario -->
        <test-method signature="runScenario(io.cucumber.testng.PickleWrapper,io.cucumber.testng.FeatureWrapper)[pri:0, instance:org.wikipedia.runner.TestNGRunner@158a8276]" started-at="2025-09-12T13:00:36 GMT-04:00" name="runScenario" description="Runs Cucumber Scenarios" data-provider="scenarios" finished-at="2025-09-12T13:00:55 GMT-04:00" duration-ms="19586" status="PASS">
          <params>
            <param index="0">
              <value>
                <![CDATA["Verify all available languages in the search dropdown"]]>
              </value>
            </param>
            <param index="1">
              <value>
                <![CDATA["Wikipedia Home Page Languages and Dropdowns"]]>
              </value>
            </param>
          </params>
          <reporter-output>
          </reporter-output>
        </test-method> <!-- runScenario -->
        <test-method is-config="true" signature="tearDownClass()[pri:0, instance:org.wikipedia.runner.TestNGRunner@158a8276]" started-at="2025-09-12T13:00:55 GMT-04:00" name="tearDownClass" finished-at="2025-09-12T13:00:55 GMT-04:00" duration-ms="150" status="PASS">
          <reporter-output>
          </reporter-output>
        </test-method> <!-- tearDownClass -->
      </class> <!-- org.wikipedia.runner.TestNGRunner -->
    </test> <!-- EdgeTest -->
    <test started-at="2025-09-12T12:58:51 GMT-04:00" name="ChromeTest" finished-at="2025-09-12T13:00:56 GMT-04:00" duration-ms="124765">
      <class name="org.wikipedia.runner.TestNGRunner">
        <test-method is-config="true" signature="setBrowser(java.lang.String)[pri:0, instance:org.wikipedia.runner.TestNGRunner@74e52ef6]" started-at="2025-09-12T12:58:51 GMT-04:00" name="setBrowser" finished-at="2025-09-12T12:58:51 GMT-04:00" duration-ms="36" status="PASS">
          <params>
            <param index="0">
              <value>
                <![CDATA[chrome]]>
              </value>
            </param>
          </params>
          <reporter-output>
          </reporter-output>
        </test-method> <!-- setBrowser -->
        <test-method is-config="true" signature="setUpClass(org.testng.ITestContext)[pri:0, instance:org.wikipedia.runner.TestNGRunner@74e52ef6]" started-at="2025-09-12T12:58:51 GMT-04:00" name="setUpClass" finished-at="2025-09-12T12:58:53 GMT-04:00" duration-ms="1425" status="PASS">
          <params>
            <param index="0">
              <value>
                <![CDATA[org.testng.TestRunner@524d6d96]]>
              </value>
            </param>
          </params>
          <reporter-output>
          </reporter-output>
        </test-method> <!-- setUpClass -->
        <test-method signature="runScenario(io.cucumber.testng.PickleWrapper,io.cucumber.testng.FeatureWrapper)[pri:0, instance:org.wikipedia.runner.TestNGRunner@74e52ef6]" started-at="2025-09-12T12:58:53 GMT-04:00" name="runScenario" description="Runs Cucumber Scenarios" data-provider="scenarios" finished-at="2025-09-12T12:59:00 GMT-04:00" duration-ms="7402" status="PASS">
          <params>
            <param index="0">
              <value>
                <![CDATA["Navigate to the login page from the main page"]]>
              </value>
            </param>
            <param index="1">
              <value>
                <![CDATA["User Login on Wikipedia"]]>
              </value>
            </param>
          </params>
          <reporter-output>
          </reporter-output>
        </test-method> <!-- runScenario -->
        <test-method signature="runScenario(io.cucumber.testng.PickleWrapper,io.cucumber.testng.FeatureWrapper)[pri:0, instance:org.wikipedia.runner.TestNGRunner@74e52ef6]" started-at="2025-09-12T12:59:00 GMT-04:00" name="runScenario" description="Runs Cucumber Scenarios" data-provider="scenarios" finished-at="2025-09-12T12:59:20 GMT-04:00" duration-ms="19753" status="PASS">
          <params>
            <param index="0">
              <value>
                <![CDATA["Successful login with valid credentials"]]>
              </value>
            </param>
            <param index="1">
              <value>
                <![CDATA["User Login on Wikipedia"]]>
              </value>
            </param>
          </params>
          <reporter-output>
          </reporter-output>
        </test-method> <!-- runScenario -->
        <test-method signature="runScenario(io.cucumber.testng.PickleWrapper,io.cucumber.testng.FeatureWrapper)[pri:0, instance:org.wikipedia.runner.TestNGRunner@74e52ef6]" started-at="2025-09-12T12:59:20 GMT-04:00" name="runScenario" description="Runs Cucumber Scenarios" data-provider="scenarios" finished-at="2025-09-12T12:59:24 GMT-04:00" duration-ms="4472" status="PASS">
          <params>
            <param index="0">
              <value>
                <![CDATA[""Keep me logged in" checkbox functionality"]]>
              </value>
            </param>
            <param index="1">
              <value>
                <![CDATA["User Login on Wikipedia"]]>
              </value>
            </param>
          </params>
          <reporter-output>
          </reporter-output>
        </test-method> <!-- runScenario -->
        <test-method signature="runScenario(io.cucumber.testng.PickleWrapper,io.cucumber.testng.FeatureWrapper)[pri:0, instance:org.wikipedia.runner.TestNGRunner@74e52ef6]" started-at="2025-09-12T12:59:24 GMT-04:00" name="runScenario" description="Runs Cucumber Scenarios" data-provider="scenarios" finished-at="2025-09-12T12:59:30 GMT-04:00" duration-ms="5538" status="PASS">
          <params>
            <param index="0">
              <value>
                <![CDATA["Unsuccessful login attempts with invalid credentials"]]>
              </value>
            </param>
            <param index="1">
              <value>
                <![CDATA["User Login on Wikipedia"]]>
              </value>
            </param>
          </params>
          <reporter-output>
          </reporter-output>
        </test-method> <!-- runScenario -->
        <test-method signature="runScenario(io.cucumber.testng.PickleWrapper,io.cucumber.testng.FeatureWrapper)[pri:0, instance:org.wikipedia.runner.TestNGRunner@74e52ef6]" started-at="2025-09-12T12:59:30 GMT-04:00" name="runScenario" description="Runs Cucumber Scenarios" data-provider="scenarios" finished-at="2025-09-12T12:59:35 GMT-04:00" duration-ms="5294" status="PASS">
          <params>
            <param index="0">
              <value>
                <![CDATA["Unsuccessful login attempts with invalid credentials"]]>
              </value>
            </param>
            <param index="1">
              <value>
                <![CDATA["User Login on Wikipedia"]]>
              </value>
            </param>
          </params>
          <reporter-output>
          </reporter-output>
        </test-method> <!-- runScenario -->
        <test-method signature="runScenario(io.cucumber.testng.PickleWrapper,io.cucumber.testng.FeatureWrapper)[pri:0, instance:org.wikipedia.runner.TestNGRunner@74e52ef6]" started-at="2025-09-12T12:59:35 GMT-04:00" name="runScenario" description="Runs Cucumber Scenarios" data-provider="scenarios" finished-at="2025-09-12T12:59:40 GMT-04:00" duration-ms="4386" status="PASS">
          <params>
            <param index="0">
              <value>
                <![CDATA["Unsuccessful login attempts with empty fields for HTML5 validation erros"]]>
              </value>
            </param>
            <param index="1">
              <value>
                <![CDATA["User Login on Wikipedia"]]>
              </value>
            </param>
          </params>
          <reporter-output>
          </reporter-output>
        </test-method> <!-- runScenario -->
        <test-method signature="runScenario(io.cucumber.testng.PickleWrapper,io.cucumber.testng.FeatureWrapper)[pri:0, instance:org.wikipedia.runner.TestNGRunner@74e52ef6]" started-at="2025-09-12T12:59:40 GMT-04:00" name="runScenario" description="Runs Cucumber Scenarios" data-provider="scenarios" finished-at="2025-09-12T12:59:44 GMT-04:00" duration-ms="4925" status="PASS">
          <params>
            <param index="0">
              <value>
                <![CDATA["Unsuccessful login attempts with empty fields for HTML5 validation erros"]]>
              </value>
            </param>
            <param index="1">
              <value>
                <![CDATA["User Login on Wikipedia"]]>
              </value>
            </param>
          </params>
          <reporter-output>
          </reporter-output>
        </test-method> <!-- runScenario -->
        <test-method signature="runScenario(io.cucumber.testng.PickleWrapper,io.cucumber.testng.FeatureWrapper)[pri:0, instance:org.wikipedia.runner.TestNGRunner@74e52ef6]" started-at="2025-09-12T12:59:44 GMT-04:00" name="runScenario" description="Runs Cucumber Scenarios" data-provider="scenarios" finished-at="2025-09-12T12:59:49 GMT-04:00" duration-ms="4691" status="PASS">
          <params>
            <param index="0">
              <value>
                <![CDATA["Verify language links on the Wikipedia home page"]]>
              </value>
            </param>
            <param index="1">
              <value>
                <![CDATA["Wikipedia Home Page Languages and Dropdowns"]]>
              </value>
            </param>
          </params>
          <reporter-output>
          </reporter-output>
        </test-method> <!-- runScenario -->
        <test-method signature="runScenario(io.cucumber.testng.PickleWrapper,io.cucumber.testng.FeatureWrapper)[pri:0, instance:org.wikipedia.runner.TestNGRunner@74e52ef6]" started-at="2025-09-12T12:59:49 GMT-04:00" name="runScenario" description="Runs Cucumber Scenarios" data-provider="scenarios" finished-at="2025-09-12T12:59:54 GMT-04:00" duration-ms="4575" status="PASS">
          <params>
            <param index="0">
              <value>
                <![CDATA["Verify language links on the Wikipedia home page"]]>
              </value>
            </param>
            <param index="1">
              <value>
                <![CDATA["Wikipedia Home Page Languages and Dropdowns"]]>
              </value>
            </param>
          </params>
          <reporter-output>
          </reporter-output>
        </test-method> <!-- runScenario -->
        <test-method signature="runScenario(io.cucumber.testng.PickleWrapper,io.cucumber.testng.FeatureWrapper)[pri:0, instance:org.wikipedia.runner.TestNGRunner@74e52ef6]" started-at="2025-09-12T12:59:54 GMT-04:00" name="runScenario" description="Runs Cucumber Scenarios" data-provider="scenarios" finished-at="2025-09-12T12:59:59 GMT-04:00" duration-ms="5134" status="PASS">
          <params>
            <param index="0">
              <value>
                <![CDATA["Verify language links on the Wikipedia home page"]]>
              </value>
            </param>
            <param index="1">
              <value>
                <![CDATA["Wikipedia Home Page Languages and Dropdowns"]]>
              </value>
            </param>
          </params>
          <reporter-output>
          </reporter-output>
        </test-method> <!-- runScenario -->
        <test-method signature="runScenario(io.cucumber.testng.PickleWrapper,io.cucumber.testng.FeatureWrapper)[pri:0, instance:org.wikipedia.runner.TestNGRunner@74e52ef6]" started-at="2025-09-12T12:59:59 GMT-04:00" name="runScenario" description="Runs Cucumber Scenarios" data-provider="scenarios" finished-at="2025-09-12T13:00:03 GMT-04:00" duration-ms="4625" status="PASS">
          <params>
            <param index="0">
              <value>
                <![CDATA["Verify language links on the Wikipedia home page"]]>
              </value>
            </param>
            <param index="1">
              <value>
                <![CDATA["Wikipedia Home Page Languages and Dropdowns"]]>
              </value>
            </param>
          </params>
          <reporter-output>
          </reporter-output>
        </test-method> <!-- runScenario -->
        <test-method signature="runScenario(io.cucumber.testng.PickleWrapper,io.cucumber.testng.FeatureWrapper)[pri:0, instance:org.wikipedia.runner.TestNGRunner@74e52ef6]" started-at="2025-09-12T13:00:03 GMT-04:00" name="runScenario" description="Runs Cucumber Scenarios" data-provider="scenarios" finished-at="2025-09-12T13:00:08 GMT-04:00" duration-ms="4406" status="PASS">
          <params>
            <param index="0">
              <value>
                <![CDATA["Verify language links on the Wikipedia home page"]]>
              </value>
            </param>
            <param index="1">
              <value>
                <![CDATA["Wikipedia Home Page Languages and Dropdowns"]]>
              </value>
            </param>
          </params>
          <reporter-output>
          </reporter-output>
        </test-method> <!-- runScenario -->
        <test-method signature="runScenario(io.cucumber.testng.PickleWrapper,io.cucumber.testng.FeatureWrapper)[pri:0, instance:org.wikipedia.runner.TestNGRunner@74e52ef6]" started-at="2025-09-12T13:00:08 GMT-04:00" name="runScenario" description="Runs Cucumber Scenarios" data-provider="scenarios" finished-at="2025-09-12T13:00:12 GMT-04:00" duration-ms="4465" status="PASS">
          <params>
            <param index="0">
              <value>
                <![CDATA["Verify language links on the Wikipedia home page"]]>
              </value>
            </param>
            <param index="1">
              <value>
                <![CDATA["Wikipedia Home Page Languages and Dropdowns"]]>
              </value>
            </param>
          </params>
          <reporter-output>
          </reporter-output>
        </test-method> <!-- runScenario -->
        <test-method signature="runScenario(io.cucumber.testng.PickleWrapper,io.cucumber.testng.FeatureWrapper)[pri:0, instance:org.wikipedia.runner.TestNGRunner@74e52ef6]" started-at="2025-09-12T13:00:12 GMT-04:00" name="runScenario" description="Runs Cucumber Scenarios" data-provider="scenarios" finished-at="2025-09-12T13:00:19 GMT-04:00" duration-ms="6986" status="PASS">
          <params>
            <param index="0">
              <value>
                <![CDATA["Verify language links on the Wikipedia home page"]]>
              </value>
            </param>
            <param index="1">
              <value>
                <![CDATA["Wikipedia Home Page Languages and Dropdowns"]]>
              </value>
            </param>
          </params>
          <reporter-output>
          </reporter-output>
        </test-method> <!-- runScenario -->
        <test-method signature="runScenario(io.cucumber.testng.PickleWrapper,io.cucumber.testng.FeatureWrapper)[pri:0, instance:org.wikipedia.runner.TestNGRunner@74e52ef6]" started-at="2025-09-12T13:00:19 GMT-04:00" name="runScenario" description="Runs Cucumber Scenarios" data-provider="scenarios" finished-at="2025-09-12T13:00:24 GMT-04:00" duration-ms="4832" status="PASS">
          <params>
            <param index="0">
              <value>
                <![CDATA["Verify language links on the Wikipedia home page"]]>
              </value>
            </param>
            <param index="1">
              <value>
                <![CDATA["Wikipedia Home Page Languages and Dropdowns"]]>
              </value>
            </param>
          </params>
          <reporter-output>
          </reporter-output>
        </test-method> <!-- runScenario -->
        <test-method signature="runScenario(io.cucumber.testng.PickleWrapper,io.cucumber.testng.FeatureWrapper)[pri:0, instance:org.wikipedia.runner.TestNGRunner@74e52ef6]" started-at="2025-09-12T13:00:24 GMT-04:00" name="runScenario" description="Runs Cucumber Scenarios" data-provider="scenarios" finished-at="2025-09-12T13:00:28 GMT-04:00" duration-ms="4222" status="PASS">
          <params>
            <param index="0">
              <value>
                <![CDATA["Verify language links on the Wikipedia home page"]]>
              </value>
            </param>
            <param index="1">
              <value>
                <![CDATA["Wikipedia Home Page Languages and Dropdowns"]]>
              </value>
            </param>
          </params>
          <reporter-output>
          </reporter-output>
        </test-method> <!-- runScenario -->
        <test-method signature="runScenario(io.cucumber.testng.PickleWrapper,io.cucumber.testng.FeatureWrapper)[pri:0, instance:org.wikipedia.runner.TestNGRunner@74e52ef6]" started-at="2025-09-12T13:00:28 GMT-04:00" name="runScenario" description="Runs Cucumber Scenarios" data-provider="scenarios" finished-at="2025-09-12T13:00:33 GMT-04:00" duration-ms="4298" status="PASS">
          <params>
            <param index="0">
              <value>
                <![CDATA["Verify language links on the Wikipedia home page"]]>
              </value>
            </param>
            <param index="1">
              <value>
                <![CDATA["Wikipedia Home Page Languages and Dropdowns"]]>
              </value>
            </param>
          </params>
          <reporter-output>
          </reporter-output>
        </test-method> <!-- runScenario -->
        <test-method signature="runScenario(io.cucumber.testng.PickleWrapper,io.cucumber.testng.FeatureWrapper)[pri:0, instance:org.wikipedia.runner.TestNGRunner@74e52ef6]" started-at="2025-09-12T13:00:33 GMT-04:00" name="runScenario" description="Runs Cucumber Scenarios" data-provider="scenarios" finished-at="2025-09-12T13:00:38 GMT-04:00" duration-ms="5233" status="PASS">
          <params>
            <param index="0">
              <value>
                <![CDATA["Verify "Read Wikipedia in your language" dropdown"]]>
              </value>
            </param>
            <param index="1">
              <value>
                <![CDATA["Wikipedia Home Page Languages and Dropdowns"]]>
              </value>
            </param>
          </params>
          <reporter-output>
          </reporter-output>
        </test-method> <!-- runScenario -->
        <test-method signature="runScenario(io.cucumber.testng.PickleWrapper,io.cucumber.testng.FeatureWrapper)[pri:0, instance:org.wikipedia.runner.TestNGRunner@74e52ef6]" started-at="2025-09-12T13:00:38 GMT-04:00" name="runScenario" description="Runs Cucumber Scenarios" data-provider="scenarios" finished-at="2025-09-12T13:00:56 GMT-04:00" duration-ms="17897" status="PASS">
          <params>
            <param index="0">
              <value>
                <![CDATA["Verify all available languages in the search dropdown"]]>
              </value>
            </param>
            <param index="1">
              <value>
                <![CDATA["Wikipedia Home Page Languages and Dropdowns"]]>
              </value>
            </param>
          </params>
          <reporter-output>
          </reporter-output>
        </test-method> <!-- runScenario -->
        <test-method is-config="true" signature="tearDownClass()[pri:0, instance:org.wikipedia.runner.TestNGRunner@74e52ef6]" started-at="2025-09-12T13:00:56 GMT-04:00" name="tearDownClass" finished-at="2025-09-12T13:00:56 GMT-04:00" duration-ms="39" status="PASS">
          <reporter-output>
          </reporter-output>
        </test-method> <!-- tearDownClass -->
      </class> <!-- org.wikipedia.runner.TestNGRunner -->
    </test> <!-- ChromeTest -->
    <test started-at="2025-09-12T12:58:51 GMT-04:00" name="FirefoxTest" finished-at="2025-09-12T13:03:14 GMT-04:00" duration-ms="263265">
      <class name="org.wikipedia.runner.TestNGRunner">
        <test-method is-config="true" signature="setBrowser(java.lang.String)[pri:0, instance:org.wikipedia.runner.TestNGRunner@7d8704ef]" started-at="2025-09-12T12:58:51 GMT-04:00" name="setBrowser" finished-at="2025-09-12T12:58:51 GMT-04:00" duration-ms="36" status="PASS">
          <params>
            <param index="0">
              <value>
                <![CDATA[firefox]]>
              </value>
            </param>
          </params>
          <reporter-output>
          </reporter-output>
        </test-method> <!-- setBrowser -->
        <test-method is-config="true" signature="setUpClass(org.testng.ITestContext)[pri:0, instance:org.wikipedia.runner.TestNGRunner@7d8704ef]" started-at="2025-09-12T12:58:51 GMT-04:00" name="setUpClass" finished-at="2025-09-12T12:58:53 GMT-04:00" duration-ms="1428" status="PASS">
          <params>
            <param index="0">
              <value>
                <![CDATA[org.testng.TestRunner@152aa092]]>
              </value>
            </param>
          </params>
          <reporter-output>
          </reporter-output>
        </test-method> <!-- setUpClass -->
        <test-method signature="runScenario(io.cucumber.testng.PickleWrapper,io.cucumber.testng.FeatureWrapper)[pri:0, instance:org.wikipedia.runner.TestNGRunner@7d8704ef]" started-at="2025-09-12T12:58:53 GMT-04:00" name="runScenario" description="Runs Cucumber Scenarios" data-provider="scenarios" finished-at="2025-09-12T12:59:14 GMT-04:00" duration-ms="20840" status="PASS">
          <params>
            <param index="0">
              <value>
                <![CDATA["Navigate to the login page from the main page"]]>
              </value>
            </param>
            <param index="1">
              <value>
                <![CDATA["User Login on Wikipedia"]]>
              </value>
            </param>
          </params>
          <reporter-output>
          </reporter-output>
        </test-method> <!-- runScenario -->
        <test-method signature="runScenario(io.cucumber.testng.PickleWrapper,io.cucumber.testng.FeatureWrapper)[pri:0, instance:org.wikipedia.runner.TestNGRunner@7d8704ef]" started-at="2025-09-12T12:59:14 GMT-04:00" name="runScenario" description="Runs Cucumber Scenarios" data-provider="scenarios" finished-at="2025-09-12T12:59:35 GMT-04:00" duration-ms="21500" status="PASS">
          <params>
            <param index="0">
              <value>
                <![CDATA["Successful login with valid credentials"]]>
              </value>
            </param>
            <param index="1">
              <value>
                <![CDATA["User Login on Wikipedia"]]>
              </value>
            </param>
          </params>
          <reporter-output>
          </reporter-output>
        </test-method> <!-- runScenario -->
        <test-method signature="runScenario(io.cucumber.testng.PickleWrapper,io.cucumber.testng.FeatureWrapper)[pri:0, instance:org.wikipedia.runner.TestNGRunner@7d8704ef]" started-at="2025-09-12T12:59:35 GMT-04:00" name="runScenario" description="Runs Cucumber Scenarios" data-provider="scenarios" finished-at="2025-09-12T12:59:50 GMT-04:00" duration-ms="15154" status="PASS">
          <params>
            <param index="0">
              <value>
                <![CDATA[""Keep me logged in" checkbox functionality"]]>
              </value>
            </param>
            <param index="1">
              <value>
                <![CDATA["User Login on Wikipedia"]]>
              </value>
            </param>
          </params>
          <reporter-output>
          </reporter-output>
        </test-method> <!-- runScenario -->
        <test-method signature="runScenario(io.cucumber.testng.PickleWrapper,io.cucumber.testng.FeatureWrapper)[pri:0, instance:org.wikipedia.runner.TestNGRunner@7d8704ef]" started-at="2025-09-12T12:59:50 GMT-04:00" name="runScenario" description="Runs Cucumber Scenarios" data-provider="scenarios" finished-at="2025-09-12T13:00:08 GMT-04:00" duration-ms="17737" status="PASS">
          <params>
            <param index="0">
              <value>
                <![CDATA["Unsuccessful login attempts with invalid credentials"]]>
              </value>
            </param>
            <param index="1">
              <value>
                <![CDATA["User Login on Wikipedia"]]>
              </value>
            </param>
          </params>
          <reporter-output>
          </reporter-output>
        </test-method> <!-- runScenario -->
        <test-method signature="runScenario(io.cucumber.testng.PickleWrapper,io.cucumber.testng.FeatureWrapper)[pri:0, instance:org.wikipedia.runner.TestNGRunner@7d8704ef]" started-at="2025-09-12T13:00:08 GMT-04:00" name="runScenario" description="Runs Cucumber Scenarios" data-provider="scenarios" finished-at="2025-09-12T13:00:23 GMT-04:00" duration-ms="15203" status="PASS">
          <params>
            <param index="0">
              <value>
                <![CDATA["Unsuccessful login attempts with invalid credentials"]]>
              </value>
            </param>
            <param index="1">
              <value>
                <![CDATA["User Login on Wikipedia"]]>
              </value>
            </param>
          </params>
          <reporter-output>
          </reporter-output>
        </test-method> <!-- runScenario -->
        <test-method signature="runScenario(io.cucumber.testng.PickleWrapper,io.cucumber.testng.FeatureWrapper)[pri:0, instance:org.wikipedia.runner.TestNGRunner@7d8704ef]" started-at="2025-09-12T13:00:23 GMT-04:00" name="runScenario" description="Runs Cucumber Scenarios" data-provider="scenarios" finished-at="2025-09-12T13:00:36 GMT-04:00" duration-ms="13152" status="PASS">
          <params>
            <param index="0">
              <value>
                <![CDATA["Unsuccessful login attempts with empty fields for HTML5 validation erros"]]>
              </value>
            </param>
            <param index="1">
              <value>
                <![CDATA["User Login on Wikipedia"]]>
              </value>
            </param>
          </params>
          <reporter-output>
          </reporter-output>
        </test-method> <!-- runScenario -->
        <test-method signature="runScenario(io.cucumber.testng.PickleWrapper,io.cucumber.testng.FeatureWrapper)[pri:0, instance:org.wikipedia.runner.TestNGRunner@7d8704ef]" started-at="2025-09-12T13:00:36 GMT-04:00" name="runScenario" description="Runs Cucumber Scenarios" data-provider="scenarios" finished-at="2025-09-12T13:00:50 GMT-04:00" duration-ms="13852" status="PASS">
          <params>
            <param index="0">
              <value>
                <![CDATA["Unsuccessful login attempts with empty fields for HTML5 validation erros"]]>
              </value>
            </param>
            <param index="1">
              <value>
                <![CDATA["User Login on Wikipedia"]]>
              </value>
            </param>
          </params>
          <reporter-output>
          </reporter-output>
        </test-method> <!-- runScenario -->
        <test-method signature="runScenario(io.cucumber.testng.PickleWrapper,io.cucumber.testng.FeatureWrapper)[pri:0, instance:org.wikipedia.runner.TestNGRunner@7d8704ef]" started-at="2025-09-12T13:00:50 GMT-04:00" name="runScenario" description="Runs Cucumber Scenarios" data-provider="scenarios" finished-at="2025-09-12T13:01:03 GMT-04:00" duration-ms="13220" status="PASS">
          <params>
            <param index="0">
              <value>
                <![CDATA["Verify language links on the Wikipedia home page"]]>
              </value>
            </param>
            <param index="1">
              <value>
                <![CDATA["Wikipedia Home Page Languages and Dropdowns"]]>
              </value>
            </param>
          </params>
          <reporter-output>
          </reporter-output>
        </test-method> <!-- runScenario -->
        <test-method signature="runScenario(io.cucumber.testng.PickleWrapper,io.cucumber.testng.FeatureWrapper)[pri:0, instance:org.wikipedia.runner.TestNGRunner@7d8704ef]" started-at="2025-09-12T13:01:03 GMT-04:00" name="runScenario" description="Runs Cucumber Scenarios" data-provider="scenarios" finished-at="2025-09-12T13:01:15 GMT-04:00" duration-ms="11419" status="PASS">
          <params>
            <param index="0">
              <value>
                <![CDATA["Verify language links on the Wikipedia home page"]]>
              </value>
            </param>
            <param index="1">
              <value>
                <![CDATA["Wikipedia Home Page Languages and Dropdowns"]]>
              </value>
            </param>
          </params>
          <reporter-output>
          </reporter-output>
        </test-method> <!-- runScenario -->
        <test-method signature="runScenario(io.cucumber.testng.PickleWrapper,io.cucumber.testng.FeatureWrapper)[pri:0, instance:org.wikipedia.runner.TestNGRunner@7d8704ef]" started-at="2025-09-12T13:01:15 GMT-04:00" name="runScenario" description="Runs Cucumber Scenarios" data-provider="scenarios" finished-at="2025-09-12T13:01:27 GMT-04:00" duration-ms="12168" status="PASS">
          <params>
            <param index="0">
              <value>
                <![CDATA["Verify language links on the Wikipedia home page"]]>
              </value>
            </param>
            <param index="1">
              <value>
                <![CDATA["Wikipedia Home Page Languages and Dropdowns"]]>
              </value>
            </param>
          </params>
          <reporter-output>
          </reporter-output>
        </test-method> <!-- runScenario -->
        <test-method signature="runScenario(io.cucumber.testng.PickleWrapper,io.cucumber.testng.FeatureWrapper)[pri:0, instance:org.wikipedia.runner.TestNGRunner@7d8704ef]" started-at="2025-09-12T13:01:27 GMT-04:00" name="runScenario" description="Runs Cucumber Scenarios" data-provider="scenarios" finished-at="2025-09-12T13:01:40 GMT-04:00" duration-ms="12671" status="PASS">
          <params>
            <param index="0">
              <value>
                <![CDATA["Verify language links on the Wikipedia home page"]]>
              </value>
            </param>
            <param index="1">
              <value>
                <![CDATA["Wikipedia Home Page Languages and Dropdowns"]]>
              </value>
            </param>
          </params>
          <reporter-output>
          </reporter-output>
        </test-method> <!-- runScenario -->
        <test-method signature="runScenario(io.cucumber.testng.PickleWrapper,io.cucumber.testng.FeatureWrapper)[pri:0, instance:org.wikipedia.runner.TestNGRunner@7d8704ef]" started-at="2025-09-12T13:01:40 GMT-04:00" name="runScenario" description="Runs Cucumber Scenarios" data-provider="scenarios" finished-at="2025-09-12T13:01:50 GMT-04:00" duration-ms="10814" status="PASS">
          <params>
            <param index="0">
              <value>
                <![CDATA["Verify language links on the Wikipedia home page"]]>
              </value>
            </param>
            <param index="1">
              <value>
                <![CDATA["Wikipedia Home Page Languages and Dropdowns"]]>
              </value>
            </param>
          </params>
          <reporter-output>
          </reporter-output>
        </test-method> <!-- runScenario -->
        <test-method signature="runScenario(io.cucumber.testng.PickleWrapper,io.cucumber.testng.FeatureWrapper)[pri:0, instance:org.wikipedia.runner.TestNGRunner@7d8704ef]" started-at="2025-09-12T13:01:50 GMT-04:00" name="runScenario" description="Runs Cucumber Scenarios" data-provider="scenarios" finished-at="2025-09-12T13:02:01 GMT-04:00" duration-ms="10883" status="PASS">
          <params>
            <param index="0">
              <value>
                <![CDATA["Verify language links on the Wikipedia home page"]]>
              </value>
            </param>
            <param index="1">
              <value>
                <![CDATA["Wikipedia Home Page Languages and Dropdowns"]]>
              </value>
            </param>
          </params>
          <reporter-output>
          </reporter-output>
        </test-method> <!-- runScenario -->
        <test-method signature="runScenario(io.cucumber.testng.PickleWrapper,io.cucumber.testng.FeatureWrapper)[pri:0, instance:org.wikipedia.runner.TestNGRunner@7d8704ef]" started-at="2025-09-12T13:02:01 GMT-04:00" name="runScenario" description="Runs Cucumber Scenarios" data-provider="scenarios" finished-at="2025-09-12T13:02:12 GMT-04:00" duration-ms="10760" status="PASS">
          <params>
            <param index="0">
              <value>
                <![CDATA["Verify language links on the Wikipedia home page"]]>
              </value>
            </param>
            <param index="1">
              <value>
                <![CDATA["Wikipedia Home Page Languages and Dropdowns"]]>
              </value>
            </param>
          </params>
          <reporter-output>
          </reporter-output>
        </test-method> <!-- runScenario -->
        <test-method signature="runScenario(io.cucumber.testng.PickleWrapper,io.cucumber.testng.FeatureWrapper)[pri:0, instance:org.wikipedia.runner.TestNGRunner@7d8704ef]" started-at="2025-09-12T13:02:12 GMT-04:00" name="runScenario" description="Runs Cucumber Scenarios" data-provider="scenarios" finished-at="2025-09-12T13:02:23 GMT-04:00" duration-ms="10687" status="PASS">
          <params>
            <param index="0">
              <value>
                <![CDATA["Verify language links on the Wikipedia home page"]]>
              </value>
            </param>
            <param index="1">
              <value>
                <![CDATA["Wikipedia Home Page Languages and Dropdowns"]]>
              </value>
            </param>
          </params>
          <reporter-output>
          </reporter-output>
        </test-method> <!-- runScenario -->
        <test-method signature="runScenario(io.cucumber.testng.PickleWrapper,io.cucumber.testng.FeatureWrapper)[pri:0, instance:org.wikipedia.runner.TestNGRunner@7d8704ef]" started-at="2025-09-12T13:02:23 GMT-04:00" name="runScenario" description="Runs Cucumber Scenarios" data-provider="scenarios" finished-at="2025-09-12T13:02:33 GMT-04:00" duration-ms="10595" status="PASS">
          <params>
            <param index="0">
              <value>
                <![CDATA["Verify language links on the Wikipedia home page"]]>
              </value>
            </param>
            <param index="1">
              <value>
                <![CDATA["Wikipedia Home Page Languages and Dropdowns"]]>
              </value>
            </param>
          </params>
          <reporter-output>
          </reporter-output>
        </test-method> <!-- runScenario -->
        <test-method signature="runScenario(io.cucumber.testng.PickleWrapper,io.cucumber.testng.FeatureWrapper)[pri:0, instance:org.wikipedia.runner.TestNGRunner@7d8704ef]" started-at="2025-09-12T13:02:33 GMT-04:00" name="runScenario" description="Runs Cucumber Scenarios" data-provider="scenarios" finished-at="2025-09-12T13:02:45 GMT-04:00" duration-ms="11824" status="PASS">
          <params>
            <param index="0">
              <value>
                <![CDATA["Verify language links on the Wikipedia home page"]]>
              </value>
            </param>
            <param index="1">
              <value>
                <![CDATA["Wikipedia Home Page Languages and Dropdowns"]]>
              </value>
            </param>
          </params>
          <reporter-output>
          </reporter-output>
        </test-method> <!-- runScenario -->
        <test-method signature="runScenario(io.cucumber.testng.PickleWrapper,io.cucumber.testng.FeatureWrapper)[pri:0, instance:org.wikipedia.runner.TestNGRunner@7d8704ef]" started-at="2025-09-12T13:02:45 GMT-04:00" name="runScenario" description="Runs Cucumber Scenarios" data-provider="scenarios" finished-at="2025-09-12T13:02:56 GMT-04:00" duration-ms="11108" status="PASS">
          <params>
            <param index="0">
              <value>
                <![CDATA["Verify "Read Wikipedia in your language" dropdown"]]>
              </value>
            </param>
            <param index="1">
              <value>
                <![CDATA["Wikipedia Home Page Languages and Dropdowns"]]>
              </value>
            </param>
          </params>
          <reporter-output>
          </reporter-output>
        </test-method> <!-- runScenario -->
        <test-method signature="runScenario(io.cucumber.testng.PickleWrapper,io.cucumber.testng.FeatureWrapper)[pri:0, instance:org.wikipedia.runner.TestNGRunner@7d8704ef]" started-at="2025-09-12T13:02:56 GMT-04:00" name="runScenario" description="Runs Cucumber Scenarios" data-provider="scenarios" finished-at="2025-09-12T13:03:14 GMT-04:00" duration-ms="18066" status="FAIL">
          <params>
            <param index="0">
              <value>
                <![CDATA["Verify all available languages in the search dropdown"]]>
              </value>
            </param>
            <param index="1">
              <value>
                <![CDATA["Wikipedia Home Page Languages and Dropdowns"]]>
              </value>
            </param>
          </params>
          <exception class="java.lang.AssertionError">
            <message>
              <![CDATA[Not all languages were selectable]]>
            </message>
            <full-stacktrace>
              <![CDATA[java.lang.AssertionError: Not all languages were selectable
at org.junit.Assert.fail(Assert.java:89)
at org.junit.Assert.assertTrue(Assert.java:42)
at org.wikipedia.stepdefs.F2_StepDef.each_language_option_should_be_selectable(F2_StepDef.java:54)
at ✽.each language option should be selectable(file:///G:/ECLIPSE_PLAYGROUND/ParallelAutomation/src/test/resources/features/F2_HomePageFunctionality.feature:42)
]]>
            </full-stacktrace>
          </exception> <!-- java.lang.AssertionError -->
          <reporter-output>
          </reporter-output>
        </test-method> <!-- runScenario -->
        <test-method is-config="true" signature="tearDownClass()[pri:0, instance:org.wikipedia.runner.TestNGRunner@7d8704ef]" started-at="2025-09-12T13:03:14 GMT-04:00" name="tearDownClass" finished-at="2025-09-12T13:03:14 GMT-04:00" duration-ms="31" status="PASS">
          <reporter-output>
          </reporter-output>
        </test-method> <!-- tearDownClass -->
      </class> <!-- org.wikipedia.runner.TestNGRunner -->
    </test> <!-- FirefoxTest -->
  </suite> <!-- CrossBrowserSuite -->
</testng-results>
