<?xml version="1.0" encoding="UTF-8"?>
<!-- Generated by org.testng.reporters.JUnitXMLReporter -->
<testsuite ignored="0" hostname="Vishwakarma" failures="0" tests="2" name="FirefoxTest" time="31.756" errors="0" timestamp="2025-09-15T10:32:51 GMT-04:00">
  <testcase classname="io.cucumber.testng.AbstractTestNGCucumberTests" name="runScenario" time="19.233"/>
  <testcase classname="io.cucumber.testng.AbstractTestNGCucumberTests" name="runScenario" time="10.866"/>
</testsuite> <!-- FirefoxTest -->
